<?xml version="1.0" encoding="UTF-8"?>
<coverage generated="1782148588672" clover="3.2.0">
  <project timestamp="1782148588672" name="All files">
    <metrics statements="127" coveredstatements="114" conditionals="61" coveredconditionals="50" methods="71" coveredmethods="62" elements="259" coveredelements="226" complexity="0" loc="127" ncloc="127" packages="6" files="26" classes="26"/>
    <package name="src">
      <metrics statements="3" coveredstatements="0" conditionals="0" coveredconditionals="0" methods="1" coveredmethods="0"/>
      <file name="App.jsx" path="/workspace/src/App.jsx">
        <metrics statements="1" coveredstatements="0" conditionals="0" coveredconditionals="0" methods="1" coveredmethods="0"/>
        <line num="9" count="0" type="stmt"/>
      </file>
      <file name="Index.jsx" path="/workspace/src/Index.jsx">
        <metrics statements="2" coveredstatements="0" conditionals="0" coveredconditionals="0" methods="0" coveredmethods="0"/>
        <line num="6" count="0" type="stmt"/>
        <line num="7" count="0" type="stmt"/>
      </file>
    </package>
    <package name="src.api">
      <metrics statements="12" coveredstatements="12" conditionals="8" coveredconditionals="6" methods="4" coveredmethods="3"/>
      <file name="jobsClient.js" path="/workspace/src/api/jobsClient.js">
        <metrics statements="2" coveredstatements="2" conditionals="4" coveredconditionals="4" methods="0" coveredmethods="0"/>
        <line num="6" count="3" type="cond" truecount="2" falsecount="0"/>
        <line num="9" count="3" type="cond" truecount="2" falsecount="0"/>
      </file>
      <file name="prismaJobsClient.js" path="/workspace/src/api/prismaJobsClient.js">
        <metrics statements="3" coveredstatements="3" conditionals="0" coveredconditionals="0" methods="3" coveredmethods="2"/>
        <line num="3" count="2" type="stmt"/>
        <line num="6" count="1" type="stmt"/>
        <line num="10" count="1" type="stmt"/>
      </file>
      <file name="supabaseClient.js" path="/workspace/src/api/supabaseClient.js">
        <metrics statements="3" coveredstatements="3" conditionals="0" coveredconditionals="0" methods="0" coveredmethods="0"/>
        <line num="5" count="6" type="stmt"/>
        <line num="6" count="6" type="stmt"/>
        <line num="8" count="6" type="stmt"/>
      </file>
      <file name="supabaseJobsClient.js" path="/workspace/src/api/supabaseJobsClient.js">
        <metrics statements="4" coveredstatements="4" conditionals="4" coveredconditionals="2" methods="1" coveredmethods="1"/>
        <line num="5" count="1" type="stmt"/>
        <line num="6" count="1" type="stmt"/>
        <line num="7" count="1" type="cond" truecount="1" falsecount="1"/>
        <line num="8" count="1" type="cond" truecount="1" falsecount="1"/>
      </file>
    </package>
    <package name="src.components">
      <metrics statements="51" coveredstatements="43" conditionals="18" coveredconditionals="12" methods="37" coveredmethods="31"/>
      <file name="ActivateSearchButton.jsx" path="/workspace/src/components/ActivateSearchButton.jsx">
        <metrics statements="3" coveredstatements="2" conditionals="0" coveredconditionals="0" methods="3" coveredmethods="2"/>
        <line num="5" count="1" type="stmt"/>
        <line num="7" count="1" type="stmt"/>
        <line num="9" count="0" type="stmt"/>
      </file>
      <file name="AppShell.jsx" path="/workspace/src/components/AppShell.jsx">
        <metrics statements="3" coveredstatements="3" conditionals="4" coveredconditionals="2" methods="3" coveredmethods="3"/>
        <line num="6" count="1" type="stmt"/>
        <line num="23" count="1" type="stmt"/>
        <line num="34" count="1" type="stmt"/>
      </file>
      <file name="AvailabilityNotice.jsx" path="/workspace/src/components/AvailabilityNotice.jsx">
        <metrics statements="3" coveredstatements="3" conditionals="3" coveredconditionals="3" methods="1" coveredmethods="1"/>
        <line num="5" count="84" type="cond" truecount="2" falsecount="0"/>
        <line num="6" count="72" type="stmt"/>
        <line num="14" count="12" type="stmt"/>
      </file>
      <file name="CampgroundCard.jsx" path="/workspace/src/components/CampgroundCard.jsx">
        <metrics statements="2" coveredstatements="2" conditionals="0" coveredconditionals="0" methods="2" coveredmethods="2"/>
        <line num="8" count="71" type="stmt"/>
        <line num="26" count="213" type="stmt"/>
      </file>
      <file name="CampgroundFilters.jsx" path="/workspace/src/components/CampgroundFilters.jsx">
        <metrics statements="9" coveredstatements="6" conditionals="0" coveredconditionals="0" methods="8" coveredmethods="5"/>
        <line num="33" count="10" type="stmt"/>
        <line num="35" count="10" type="stmt"/>
        <line num="43" count="8" type="stmt"/>
        <line num="56" count="0" type="stmt"/>
        <line num="62" count="170" type="stmt"/>
        <line num="75" count="0" type="stmt"/>
        <line num="81" count="310" type="stmt"/>
        <line num="94" count="0" type="stmt"/>
        <line num="100" count="180" type="stmt"/>
      </file>
      <file name="CampgroundList.jsx" path="/workspace/src/components/CampgroundList.jsx">
        <metrics statements="4" coveredstatements="3" conditionals="2" coveredconditionals="1" methods="2" coveredmethods="2"/>
        <line num="6" count="10" type="cond" truecount="1" falsecount="1"/>
        <line num="7" count="0" type="stmt"/>
        <line num="14" count="10" type="stmt"/>
        <line num="17" count="70" type="stmt"/>
      </file>
      <file name="JobsTable.jsx" path="/workspace/src/components/JobsTable.jsx">
        <metrics statements="8" coveredstatements="8" conditionals="0" coveredconditionals="0" methods="4" coveredmethods="4"/>
        <line num="5" count="2" type="stmt"/>
        <line num="7" count="2" type="stmt"/>
        <line num="8" count="1" type="stmt"/>
        <line num="9" count="1" type="stmt"/>
        <line num="10" count="1" type="stmt"/>
        <line num="13" count="1" type="stmt"/>
        <line num="16" count="2" type="stmt"/>
        <line num="21" count="2" type="stmt"/>
      </file>
      <file name="QueueListPanel.jsx" path="/workspace/src/components/QueueListPanel.jsx">
        <metrics statements="3" coveredstatements="3" conditionals="0" coveredconditionals="0" methods="3" coveredmethods="3"/>
        <line num="6" count="1" type="stmt"/>
        <line num="7" count="1" type="stmt"/>
        <line num="12" count="2" type="stmt"/>
      </file>
      <file name="SearchStatusBanner.jsx" path="/workspace/src/components/SearchStatusBanner.jsx">
        <metrics statements="6" coveredstatements="4" conditionals="2" coveredconditionals="1" methods="4" coveredmethods="3"/>
        <line num="6" count="1" type="stmt"/>
        <line num="7" count="1" type="stmt"/>
        <line num="9" count="1" type="cond" truecount="1" falsecount="1"/>
        <line num="10" count="0" type="stmt"/>
        <line num="12" count="1" type="stmt"/>
        <line num="17" count="0" type="stmt"/>
      </file>
      <file name="StatusCard.jsx" path="/workspace/src/components/StatusCard.jsx">
        <metrics statements="1" coveredstatements="1" conditionals="2" coveredconditionals="2" methods="1" coveredmethods="1"/>
        <line num="4" count="1" type="stmt"/>
      </file>
      <file name="StatusCards.jsx" path="/workspace/src/components/StatusCards.jsx">
        <metrics statements="4" coveredstatements="3" conditionals="0" coveredconditionals="0" methods="3" coveredmethods="2"/>
        <line num="6" count="1" type="stmt"/>
        <line num="8" count="1" type="stmt"/>
        <line num="11" count="1" type="stmt"/>
        <line num="14" count="0" type="stmt"/>
      </file>
      <file name="ToastBanner.jsx" path="/workspace/src/components/ToastBanner.jsx">
        <metrics statements="5" coveredstatements="5" conditionals="5" coveredconditionals="3" methods="3" coveredmethods="3"/>
        <line num="5" count="1" type="stmt"/>
        <line num="6" count="1" type="cond" truecount="1" falsecount="1"/>
        <line num="7" count="1" type="stmt"/>
        <line num="8" count="1" type="stmt"/>
        <line num="12" count="1" type="stmt"/>
      </file>
    </package>
    <package name="src.data">
      <metrics statements="30" coveredstatements="30" conditionals="31" coveredconditionals="28" methods="12" coveredmethods="12"/>
      <file name="campgroundData.js" path="/workspace/src/data/campgroundData.js">
        <metrics statements="15" coveredstatements="15" conditionals="21" coveredconditionals="20" methods="11" coveredmethods="11"/>
        <line num="6" count="33" type="stmt"/>
        <line num="11" count="42" type="cond" truecount="2" falsecount="0"/>
        <line num="16" count="80" type="stmt"/>
        <line num="21" count="80" type="stmt"/>
        <line num="22" count="4" type="stmt"/>
        <line num="27" count="80" type="stmt"/>
        <line num="28" count="4" type="stmt"/>
        <line num="41" count="15" type="stmt"/>
        <line num="43" count="15" type="stmt"/>
        <line num="44" count="300" type="cond" truecount="4" falsecount="0"/>
        <line num="45" count="281" type="cond" truecount="4" falsecount="0"/>
        <line num="46" count="266" type="cond" truecount="4" falsecount="0"/>
        <line num="48" count="244" type="cond" truecount="2" falsecount="0"/>
        <line num="50" count="196" type="stmt"/>
        <line num="60" count="196" type="stmt"/>
      </file>
      <file name="campgroundSchema.js" path="/workspace/src/data/campgroundSchema.js">
        <metrics statements="14" coveredstatements="14" conditionals="10" coveredconditionals="8" methods="1" coveredmethods="1"/>
        <line num="8" count="4" type="stmt"/>
        <line num="43" count="683" type="cond" truecount="3" falsecount="1"/>
        <line num="45" count="683" type="stmt"/>
        <line num="46" count="683" type="stmt"/>
        <line num="47" count="5460" type="cond" truecount="4" falsecount="0"/>
        <line num="48" count="1" type="stmt"/>
        <line num="52" count="682" type="stmt"/>
        <line num="53" count="682" type="stmt"/>
        <line num="54" count="2046" type="cond" truecount="1" falsecount="1"/>
        <line num="57" count="682" type="stmt"/>
        <line num="58" count="682" type="stmt"/>
        <line num="59" count="681" type="stmt"/>
        <line num="61" count="1" type="stmt"/>
        <line num="64" count="681" type="stmt"/>
      </file>
      <file name="campgrounds.js" path="/workspace/src/data/campgrounds.js">
        <metrics statements="1" coveredstatements="1" conditionals="0" coveredconditionals="0" methods="0" coveredmethods="0"/>
        <line num="8" count="5" type="stmt"/>
      </file>
    </package>
    <package name="src.pages">
      <metrics statements="22" coveredstatements="22" conditionals="4" coveredconditionals="4" methods="12" coveredmethods="12"/>
      <file name="CampgroundDetailPage.jsx" path="/workspace/src/pages/CampgroundDetailPage.jsx">
        <metrics statements="8" coveredstatements="8" conditionals="2" coveredconditionals="2" methods="4" coveredmethods="4"/>
        <line num="8" count="2" type="stmt"/>
        <line num="9" count="2" type="stmt"/>
        <line num="11" count="2" type="cond" truecount="2" falsecount="0"/>
        <line num="12" count="1" type="stmt"/>
        <line num="23" count="1" type="stmt"/>
        <line num="76" count="4" type="stmt"/>
        <line num="85" count="3" type="stmt"/>
        <line num="99" count="3" type="stmt"/>
      </file>
      <file name="CampgroundsPage.jsx" path="/workspace/src/pages/CampgroundsPage.jsx">
        <metrics statements="10" coveredstatements="10" conditionals="2" coveredconditionals="2" methods="5" coveredmethods="5"/>
        <line num="13" count="10" type="stmt"/>
        <line num="14" count="10" type="stmt"/>
        <line num="15" count="10" type="stmt"/>
        <line num="16" count="10" type="stmt"/>
        <line num="18" count="10" type="stmt"/>
        <line num="19" count="10" type="stmt"/>
        <line num="20" count="10" type="stmt"/>
        <line num="22" count="10" type="stmt"/>
        <line num="23" count="10" type="stmt"/>
        <line num="27" count="10" type="stmt"/>
      </file>
      <file name="DashboardPage.jsx" path="/workspace/src/pages/DashboardPage.jsx">
        <metrics statements="3" coveredstatements="3" conditionals="0" coveredconditionals="0" methods="2" coveredmethods="2"/>
        <line num="7" count="1" type="stmt"/>
        <line num="13" count="1" type="stmt"/>
        <line num="34" count="3" type="stmt"/>
      </file>
      <file name="SettingsPage.jsx" path="/workspace/src/pages/SettingsPage.jsx">
        <metrics statements="1" coveredstatements="1" conditionals="0" coveredconditionals="0" methods="1" coveredmethods="1"/>
        <line num="4" count="1" type="stmt"/>
      </file>
    </package>
    <package name="src.store">
      <metrics statements="9" coveredstatements="7" conditionals="0" coveredconditionals="0" methods="5" coveredmethods="4"/>
      <file name="useAppStore.js" path="/workspace/src/store/useAppStore.js">
        <metrics statements="9" coveredstatements="7" conditionals="0" coveredconditionals="0" methods="5" coveredmethods="4"/>
        <line num="4" count="4" type="stmt"/>
        <line num="10" count="0" type="stmt"/>
        <line num="13" count="1" type="stmt"/>
        <line num="14" count="1" type="stmt"/>
        <line num="15" count="1" type="stmt"/>
        <line num="16" count="1" type="stmt"/>
        <line num="18" count="2" type="stmt"/>
        <line num="19" count="2" type="stmt"/>
        <line num="23" count="0" type="stmt"/>
      </file>
    </package>
  </project>
</coverage>
