{"/Users/steveterapak/mycode/smartapp-ui-kit/src/App.jsx": {"path":"/Users/steveterapak/mycode/smartapp-ui-kit/src/App.jsx","statementMap":{"0":{"start":{"line":8,"column":2},"end":{"line":18,"column":3}}},"fnMap":{"0":{"name":"App","decl":{"start":{"line":7,"column":24},"end":{"line":7,"column":27}},"loc":{"start":{"line":7,"column":30},"end":{"line":19,"column":1}},"line":7}},"branchMap":{},"s":{"0":0},"f":{"0":0},"b":{}}
,"/Users/steveterapak/mycode/smartapp-ui-kit/src/Index.jsx": {"path":"/Users/steveterapak/mycode/smartapp-ui-kit/src/Index.jsx","statementMap":{"0":{"start":{"line":6,"column":13},"end":{"line":6,"column":65}},"1":{"start":{"line":7,"column":0},"end":{"line":11,"column":2}}},"fnMap":{},"branchMap":{},"s":{"0":0,"1":0},"f":{},"b":{}}
,"/Users/steveterapak/mycode/smartapp-ui-kit/src/api/jobsClient.js": {"path":"/Users/steveterapak/mycode/smartapp-ui-kit/src/api/jobsClient.js","statementMap":{"0":{"start":{"line":6,"column":16},"end":{"line":6,"column":57}},"1":{"start":{"line":9,"column":2},"end":{"line":9,"column":62}}},"fnMap":{},"branchMap":{"0":{"loc":{"start":{"line":6,"column":16},"end":{"line":6,"column":57}},"type":"binary-expr","locations":[{"start":{"line":6,"column":16},"end":{"line":6,"column":43}},{"start":{"line":6,"column":47},"end":{"line":6,"column":57}}],"line":6},"1":{"loc":{"start":{"line":9,"column":2},"end":{"line":9,"column":62}},"type":"cond-expr","locations":[{"start":{"line":9,"column":25},"end":{"line":9,"column":41}},{"start":{"line":9,"column":44},"end":{"line":9,"column":62}}],"line":9}},"s":{"0":3,"1":3},"f":{},"b":{"0":[3,2],"1":[1,2]},"_coverageSchema":"1a1c01bbd47fc00a2c39e90264f33305004495a9","hash":"0d0628d35a597b3650f1c0e1a01f66db91131a13"}
,"/Users/steveterapak/mycode/smartapp-ui-kit/src/api/prismaJobsClient.js": {"path":"/Users/steveterapak/mycode/smartapp-ui-kit/src/api/prismaJobsClient.js","statementMap":{"0":{"start":{"line":3,"column":32},"end":{"line":15,"column":1}},"1":{"start":{"line":6,"column":4},"end":{"line":6,"column":13}},"2":{"start":{"line":10,"column":4},"end":{"line":10,"column":14}}},"fnMap":{"0":{"name":"(anonymous_0)","decl":{"start":{"line":4,"column":2},"end":{"line":4,"column":3}},"loc":{"start":{"line":4,"column":19},"end":{"line":7,"column":3}},"line":4},"1":{"name":"(anonymous_1)","decl":{"start":{"line":8,"column":2},"end":{"line":8,"column":3}},"loc":{"start":{"line":8,"column":17},"end":{"line":11,"column":3}},"line":8},"2":{"name":"(anonymous_2)","decl":{"start":{"line":12,"column":2},"end":{"line":12,"column":3}},"loc":{"start":{"line":12,"column":17},"end":{"line":14,"column":3}},"line":12}},"branchMap":{},"s":{"0":2,"1":1,"2":1},"f":{"0":1,"1":1,"2":0},"b":{},"_coverageSchema":"1a1c01bbd47fc00a2c39e90264f33305004495a9","hash":"604f46507acfba3dbf9d78fdda7d5bd89626d4fa"}
,"/Users/steveterapak/mycode/smartapp-ui-kit/src/api/supabaseClient.js": {"path":"/Users/steveterapak/mycode/smartapp-ui-kit/src/api/supabaseClient.js","statementMap":{"0":{"start":{"line":5,"column":17},"end":{"line":5,"column":46}},"1":{"start":{"line":6,"column":17},"end":{"line":6,"column":46}},"2":{"start":{"line":8,"column":24},"end":{"line":8,"column":56}}},"fnMap":{},"branchMap":{},"s":{"0":6,"1":6,"2":6},"f":{},"b":{},"_coverageSchema":"1a1c01bbd47fc00a2c39e90264f33305004495a9","hash":"0b00f9398222464c808ae0214d12539cfca68ef5"}
,"/Users/steveterapak/mycode/smartapp-ui-kit/src/api/supabaseJobsClient.js": {"path":"/Users/steveterapak/mycode/smartapp-ui-kit/src/api/supabaseJobsClient.js","statementMap":{"0":{"start":{"line":5,"column":26},"end":{"line":5,"column":65}},"1":{"start":{"line":6,"column":2},"end":{"line":6,"column":40}},"2":{"start":{"line":7,"column":2},"end":{"line":7,"column":55}},"3":{"start":{"line":7,"column":13},"end":{"line":7,"column":55}},"4":{"start":{"line":8,"column":2},"end":{"line":8,"column":19}}},"fnMap":{"0":{"name":"fetchJobs","decl":{"start":{"line":4,"column":22},"end":{"line":4,"column":31}},"loc":{"start":{"line":4,"column":34},"end":{"line":9,"column":1}},"line":4}},"branchMap":{"0":{"loc":{"start":{"line":7,"column":2},"end":{"line":7,"column":55}},"type":"if","locations":[{"start":{"line":7,"column":2},"end":{"line":7,"column":55}},{"start":{},"end":{}}],"line":7},"1":{"loc":{"start":{"line":8,"column":9},"end":{"line":8,"column":19}},"type":"binary-expr","locations":[{"start":{"line":8,"column":9},"end":{"line":8,"column":13}},{"start":{"line":8,"column":17},"end":{"line":8,"column":19}}],"line":8}},"s":{"0":1,"1":1,"2":1,"3":0,"4":1},"f":{"0":1},"b":{"0":[0,1],"1":[1,0]},"_coverageSchema":"1a1c01bbd47fc00a2c39e90264f33305004495a9","hash":"2977f71f4c6bf490246bd951f233734e62ae067e"}
,"/Users/steveterapak/mycode/smartapp-ui-kit/src/components/ActivateSearchButton.jsx": {"path":"/Users/steveterapak/mycode/smartapp-ui-kit/src/components/ActivateSearchButton.jsx","statementMap":{"0":{"start":{"line":5,"column":20},"end":{"line":5,"column":51}},"1":{"start":{"line":5,"column":39},"end":{"line":5,"column":50}},"2":{"start":{"line":7,"column":2},"end":{"line":14,"column":4}},"3":{"start":{"line":9,"column":21},"end":{"line":9,"column":40}}},"fnMap":{"0":{"name":"ActivateSearchButton","decl":{"start":{"line":4,"column":24},"end":{"line":4,"column":44}},"loc":{"start":{"line":4,"column":47},"end":{"line":15,"column":1}},"line":4},"1":{"name":"(anonymous_1)","decl":{"start":{"line":5,"column":32},"end":{"line":5,"column":33}},"loc":{"start":{"line":5,"column":39},"end":{"line":5,"column":50}},"line":5},"2":{"name":"(anonymous_2)","decl":{"start":{"line":9,"column":15},"end":{"line":9,"column":16}},"loc":{"start":{"line":9,"column":21},"end":{"line":9,"column":40}},"line":9}},"branchMap":{},"s":{"0":1,"1":1,"2":1,"3":0},"f":{"0":1,"1":1,"2":0},"b":{},"_coverageSchema":"1a1c01bbd47fc00a2c39e90264f33305004495a9","hash":"4f7810ec26db809c42cac070b2705518b99b3ddf"}
,"/Users/steveterapak/mycode/smartapp-ui-kit/src/components/AppShell.jsx": {"path":"/Users/steveterapak/mycode/smartapp-ui-kit/src/components/AppShell.jsx","statementMap":{"0":{"start":{"line":7,"column":2},"end":{"line":64,"column":3}},"1":{"start":{"line":25,"column":14},"end":{"line":29,"column":16}},"2":{"start":{"line":38,"column":14},"end":{"line":42,"column":16}}},"fnMap":{"0":{"name":"AppShell","decl":{"start":{"line":6,"column":24},"end":{"line":6,"column":32}},"loc":{"start":{"line":6,"column":47},"end":{"line":65,"column":1}},"line":6},"1":{"name":"(anonymous_1)","decl":{"start":{"line":24,"column":23},"end":{"line":24,"column":24}},"loc":{"start":{"line":25,"column":14},"end":{"line":29,"column":16}},"line":25},"2":{"name":"(anonymous_2)","decl":{"start":{"line":37,"column":23},"end":{"line":37,"column":24}},"loc":{"start":{"line":38,"column":14},"end":{"line":42,"column":16}},"line":38}},"branchMap":{"0":{"loc":{"start":{"line":26,"column":16},"end":{"line":28,"column":39}},"type":"cond-expr","locations":[{"start":{"line":27,"column":20},"end":{"line":27,"column":33}},{"start":{"line":28,"column":20},"end":{"line":28,"column":39}}],"line":26},"1":{"loc":{"start":{"line":39,"column":16},"end":{"line":41,"column":39}},"type":"cond-expr","locations":[{"start":{"line":40,"column":20},"end":{"line":40,"column":33}},{"start":{"line":41,"column":20},"end":{"line":41,"column":39}}],"line":39}},"s":{"0":1,"1":1,"2":1},"f":{"0":1,"1":1,"2":1},"b":{"0":[0,1],"1":[0,1]},"_coverageSchema":"1a1c01bbd47fc00a2c39e90264f33305004495a9","hash":"5dd340264b2678f41d37c2416c3c45e009b14e8d"}
,"/Users/steveterapak/mycode/smartapp-ui-kit/src/components/JobsTable.jsx": {"path":"/Users/steveterapak/mycode/smartapp-ui-kit/src/components/JobsTable.jsx","statementMap":{"0":{"start":{"line":5,"column":26},"end":{"line":5,"column":38}},"1":{"start":{"line":7,"column":2},"end":{"line":14,"column":8}},"2":{"start":{"line":8,"column":21},"end":{"line":11,"column":5}},"3":{"start":{"line":9,"column":19},"end":{"line":9,"column":36}},"4":{"start":{"line":10,"column":6},"end":{"line":10,"column":19}},"5":{"start":{"line":13,"column":4},"end":{"line":13,"column":14}},"6":{"start":{"line":16,"column":2},"end":{"line":27,"column":3}},"7":{"start":{"line":21,"column":10},"end":{"line":23,"column":15}}},"fnMap":{"0":{"name":"JobsTable","decl":{"start":{"line":4,"column":24},"end":{"line":4,"column":33}},"loc":{"start":{"line":4,"column":36},"end":{"line":28,"column":1}},"line":4},"1":{"name":"(anonymous_1)","decl":{"start":{"line":7,"column":12},"end":{"line":7,"column":13}},"loc":{"start":{"line":7,"column":18},"end":{"line":14,"column":3}},"line":7},"2":{"name":"(anonymous_2)","decl":{"start":{"line":8,"column":21},"end":{"line":8,"column":22}},"loc":{"start":{"line":8,"column":33},"end":{"line":11,"column":5}},"line":8},"3":{"name":"(anonymous_3)","decl":{"start":{"line":20,"column":18},"end":{"line":20,"column":19}},"loc":{"start":{"line":21,"column":10},"end":{"line":23,"column":15}},"line":21}},"branchMap":{},"s":{"0":2,"1":2,"2":1,"3":1,"4":1,"5":1,"6":2,"7":2},"f":{"0":2,"1":1,"2":1,"3":2},"b":{},"_coverageSchema":"1a1c01bbd47fc00a2c39e90264f33305004495a9","hash":"24a0f4e1713b07ca01f11890ba8cb8676a1c6487"}
,"/Users/steveterapak/mycode/smartapp-ui-kit/src/components/QueueListPanel.jsx": {"path":"/Users/steveterapak/mycode/smartapp-ui-kit/src/components/QueueListPanel.jsx","statementMap":{"0":{"start":{"line":6,"column":16},"end":{"line":6,"column":43}},"1":{"start":{"line":6,"column":35},"end":{"line":6,"column":42}},"2":{"start":{"line":7,"column":2},"end":{"line":19,"column":3}},"3":{"start":{"line":12,"column":10},"end":{"line":15,"column":15}}},"fnMap":{"0":{"name":"QueueListPanel","decl":{"start":{"line":5,"column":16},"end":{"line":5,"column":30}},"loc":{"start":{"line":5,"column":33},"end":{"line":20,"column":1}},"line":5},"1":{"name":"(anonymous_1)","decl":{"start":{"line":6,"column":28},"end":{"line":6,"column":29}},"loc":{"start":{"line":6,"column":35},"end":{"line":6,"column":42}},"line":6},"2":{"name":"(anonymous_2)","decl":{"start":{"line":11,"column":19},"end":{"line":11,"column":20}},"loc":{"start":{"line":12,"column":10},"end":{"line":15,"column":15}},"line":12}},"branchMap":{},"s":{"0":1,"1":1,"2":1,"3":2},"f":{"0":1,"1":1,"2":2},"b":{},"_coverageSchema":"1a1c01bbd47fc00a2c39e90264f33305004495a9","hash":"edcf95f2111b10a72c68e4da276fddd9564dbd84"}
,"/Users/steveterapak/mycode/smartapp-ui-kit/src/components/SearchStatusBanner.jsx": {"path":"/Users/steveterapak/mycode/smartapp-ui-kit/src/components/SearchStatusBanner.jsx","statementMap":{"0":{"start":{"line":6,"column":17},"end":{"line":6,"column":45}},"1":{"start":{"line":6,"column":36},"end":{"line":6,"column":44}},"2":{"start":{"line":7,"column":20},"end":{"line":7,"column":51}},"3":{"start":{"line":7,"column":39},"end":{"line":7,"column":50}},"4":{"start":{"line":9,"column":2},"end":{"line":11,"column":3}},"5":{"start":{"line":10,"column":4},"end":{"line":10,"column":36}},"6":{"start":{"line":12,"column":2},"end":{"line":22,"column":4}},"7":{"start":{"line":17,"column":23},"end":{"line":17,"column":42}}},"fnMap":{"0":{"name":"SearchStatusBanner","decl":{"start":{"line":5,"column":24},"end":{"line":5,"column":42}},"loc":{"start":{"line":5,"column":45},"end":{"line":23,"column":1}},"line":5},"1":{"name":"(anonymous_1)","decl":{"start":{"line":6,"column":29},"end":{"line":6,"column":30}},"loc":{"start":{"line":6,"column":36},"end":{"line":6,"column":44}},"line":6},"2":{"name":"(anonymous_2)","decl":{"start":{"line":7,"column":32},"end":{"line":7,"column":33}},"loc":{"start":{"line":7,"column":39},"end":{"line":7,"column":50}},"line":7},"3":{"name":"(anonymous_3)","decl":{"start":{"line":17,"column":17},"end":{"line":17,"column":18}},"loc":{"start":{"line":17,"column":23},"end":{"line":17,"column":42}},"line":17}},"branchMap":{"0":{"loc":{"start":{"line":9,"column":2},"end":{"line":11,"column":3}},"type":"if","locations":[{"start":{"line":9,"column":2},"end":{"line":11,"column":3}},{"start":{},"end":{}}],"line":9}},"s":{"0":1,"1":1,"2":1,"3":1,"4":1,"5":0,"6":1,"7":0},"f":{"0":1,"1":1,"2":1,"3":0},"b":{"0":[0,1]},"_coverageSchema":"1a1c01bbd47fc00a2c39e90264f33305004495a9","hash":"9e6748432a51cbbaf676345360d1d30950822e1b"}
,"/Users/steveterapak/mycode/smartapp-ui-kit/src/components/StatusCard.jsx": {"path":"/Users/steveterapak/mycode/smartapp-ui-kit/src/components/StatusCard.jsx","statementMap":{"0":{"start":{"line":4,"column":2},"end":{"line":22,"column":4}}},"fnMap":{"0":{"name":"StatusCard","decl":{"start":{"line":3,"column":16},"end":{"line":3,"column":26}},"loc":{"start":{"line":3,"column":60},"end":{"line":23,"column":1}},"line":3}},"branchMap":{"0":{"loc":{"start":{"line":11,"column":9},"end":{"line":15,"column":9}},"type":"binary-expr","locations":[{"start":{"line":11,"column":9},"end":{"line":11,"column":16}},{"start":{"line":12,"column":10},"end":{"line":14,"column":19}}],"line":11}},"s":{"0":1},"f":{"0":1},"b":{"0":[1,1]},"_coverageSchema":"1a1c01bbd47fc00a2c39e90264f33305004495a9","hash":"6e60ad1109f7c0515dbc09d6e708fd7a65ec1f04"}
,"/Users/steveterapak/mycode/smartapp-ui-kit/src/components/StatusCards.jsx": {"path":"/Users/steveterapak/mycode/smartapp-ui-kit/src/components/StatusCards.jsx","statementMap":{"0":{"start":{"line":6,"column":19},"end":{"line":6,"column":32}},"1":{"start":{"line":8,"column":2},"end":{"line":21,"column":4}},"2":{"start":{"line":11,"column":8},"end":{"line":18,"column":14}},"3":{"start":{"line":14,"column":25},"end":{"line":14,"column":39}}},"fnMap":{"0":{"name":"StatusCards","decl":{"start":{"line":5,"column":24},"end":{"line":5,"column":35}},"loc":{"start":{"line":5,"column":47},"end":{"line":22,"column":1}},"line":5},"1":{"name":"(anonymous_1)","decl":{"start":{"line":10,"column":17},"end":{"line":10,"column":18}},"loc":{"start":{"line":11,"column":8},"end":{"line":18,"column":14}},"line":11},"2":{"name":"(anonymous_2)","decl":{"start":{"line":14,"column":19},"end":{"line":14,"column":20}},"loc":{"start":{"line":14,"column":25},"end":{"line":14,"column":39}},"line":14}},"branchMap":{},"s":{"0":1,"1":1,"2":1,"3":0},"f":{"0":1,"1":1,"2":0},"b":{},"_coverageSchema":"1a1c01bbd47fc00a2c39e90264f33305004495a9","hash":"8a2cb7d85ae2db3fe2831bbde362984a33cac642"}
,"/Users/steveterapak/mycode/smartapp-ui-kit/src/components/ToastBanner.jsx": {"path":"/Users/steveterapak/mycode/smartapp-ui-kit/src/components/ToastBanner.jsx","statementMap":{"0":{"start":{"line":5,"column":2},"end":{"line":10,"column":35}},"1":{"start":{"line":6,"column":4},"end":{"line":9,"column":5}},"2":{"start":{"line":7,"column":20},"end":{"line":7,"column":49}},"3":{"start":{"line":8,"column":6},"end":{"line":8,"column":39}},"4":{"start":{"line":8,"column":19},"end":{"line":8,"column":38}},"5":{"start":{"line":12,"column":2},"end":{"line":28,"column":4}}},"fnMap":{"0":{"name":"ToastBanner","decl":{"start":{"line":4,"column":16},"end":{"line":4,"column":27}},"loc":{"start":{"line":4,"column":76},"end":{"line":29,"column":1}},"line":4},"1":{"name":"(anonymous_1)","decl":{"start":{"line":5,"column":18},"end":{"line":5,"column":19}},"loc":{"start":{"line":5,"column":24},"end":{"line":10,"column":3}},"line":5},"2":{"name":"(anonymous_2)","decl":{"start":{"line":8,"column":13},"end":{"line":8,"column":14}},"loc":{"start":{"line":8,"column":19},"end":{"line":8,"column":38}},"line":8}},"branchMap":{"0":{"loc":{"start":{"line":4,"column":57},"end":{"line":4,"column":72}},"type":"default-arg","locations":[{"start":{"line":4,"column":68},"end":{"line":4,"column":72}}],"line":4},"1":{"loc":{"start":{"line":6,"column":4},"end":{"line":9,"column":5}},"type":"if","locations":[{"start":{"line":6,"column":4},"end":{"line":9,"column":5}},{"start":{},"end":{}}],"line":6},"2":{"loc":{"start":{"line":14,"column":7},"end":{"line":26,"column":7}},"type":"binary-expr","locations":[{"start":{"line":14,"column":7},"end":{"line":14,"column":14}},{"start":{"line":15,"column":8},"end":{"line":25,"column":21}}],"line":14}},"s":{"0":1,"1":1,"2":1,"3":1,"4":1,"5":1},"f":{"0":1,"1":1,"2":1},"b":{"0":[0],"1":[1,0],"2":[1,1]},"_coverageSchema":"1a1c01bbd47fc00a2c39e90264f33305004495a9","hash":"813c46a277106e3cef8cc0ba1c27a11a84b4c967"}
,"/Users/steveterapak/mycode/smartapp-ui-kit/src/pages/DashboardPage.jsx": {"path":"/Users/steveterapak/mycode/smartapp-ui-kit/src/pages/DashboardPage.jsx","statementMap":{"0":{"start":{"line":7,"column":16},"end":{"line":11,"column":3}},"1":{"start":{"line":13,"column":2},"end":{"line":47,"column":3}},"2":{"start":{"line":34,"column":10},"end":{"line":43,"column":16}}},"fnMap":{"0":{"name":"DashboardPage","decl":{"start":{"line":5,"column":24},"end":{"line":5,"column":37}},"loc":{"start":{"line":5,"column":40},"end":{"line":48,"column":1}},"line":5},"1":{"name":"(anonymous_1)","decl":{"start":{"line":33,"column":19},"end":{"line":33,"column":20}},"loc":{"start":{"line":34,"column":10},"end":{"line":43,"column":16}},"line":34}},"branchMap":{},"s":{"0":1,"1":1,"2":3},"f":{"0":1,"1":3},"b":{},"_coverageSchema":"1a1c01bbd47fc00a2c39e90264f33305004495a9","hash":"685dece42bd0b9a704152e6893073728e34cdf4c"}
,"/Users/steveterapak/mycode/smartapp-ui-kit/src/pages/SettingsPage.jsx": {"path":"/Users/steveterapak/mycode/smartapp-ui-kit/src/pages/SettingsPage.jsx","statementMap":{"0":{"start":{"line":4,"column":2},"end":{"line":9,"column":4}}},"fnMap":{"0":{"name":"SettingsPage","decl":{"start":{"line":3,"column":24},"end":{"line":3,"column":36}},"loc":{"start":{"line":3,"column":39},"end":{"line":10,"column":1}},"line":3}},"branchMap":{},"s":{"0":1},"f":{"0":1},"b":{},"_coverageSchema":"1a1c01bbd47fc00a2c39e90264f33305004495a9","hash":"4ab6c2afd3076b7156704ab6dde85f774d8c6c44"}
,"/Users/steveterapak/mycode/smartapp-ui-kit/src/store/useAppStore.js": {"path":"/Users/steveterapak/mycode/smartapp-ui-kit/src/store/useAppStore.js","statementMap":{"0":{"start":{"line":4,"column":27},"end":{"line":28,"column":3}},"1":{"start":{"line":4,"column":42},"end":{"line":28,"column":1}},"2":{"start":{"line":10,"column":25},"end":{"line":10,"column":40}},"3":{"start":{"line":13,"column":4},"end":{"line":13,"column":30}},"4":{"start":{"line":14,"column":4},"end":{"line":24,"column":5}},"5":{"start":{"line":15,"column":19},"end":{"line":15,"column":36}},"6":{"start":{"line":16,"column":6},"end":{"line":21,"column":8}},"7":{"start":{"line":18,"column":38},"end":{"line":18,"column":59}},"8":{"start":{"line":19,"column":37},"end":{"line":19,"column":61}},"9":{"start":{"line":23,"column":6},"end":{"line":23,"column":30}}},"fnMap":{"0":{"name":"(anonymous_0)","decl":{"start":{"line":4,"column":34},"end":{"line":4,"column":35}},"loc":{"start":{"line":4,"column":42},"end":{"line":28,"column":1}},"line":4},"1":{"name":"(anonymous_1)","decl":{"start":{"line":10,"column":13},"end":{"line":10,"column":14}},"loc":{"start":{"line":10,"column":25},"end":{"line":10,"column":40}},"line":10},"2":{"name":"(anonymous_2)","decl":{"start":{"line":12,"column":12},"end":{"line":12,"column":13}},"loc":{"start":{"line":12,"column":24},"end":{"line":25,"column":3}},"line":12},"3":{"name":"(anonymous_3)","decl":{"start":{"line":18,"column":33},"end":{"line":18,"column":34}},"loc":{"start":{"line":18,"column":38},"end":{"line":18,"column":59}},"line":18},"4":{"name":"(anonymous_4)","decl":{"start":{"line":19,"column":32},"end":{"line":19,"column":33}},"loc":{"start":{"line":19,"column":37},"end":{"line":19,"column":61}},"line":19}},"branchMap":{},"s":{"0":4,"1":4,"2":0,"3":1,"4":1,"5":1,"6":1,"7":2,"8":2,"9":0},"f":{"0":4,"1":0,"2":1,"3":2,"4":2},"b":{},"_coverageSchema":"1a1c01bbd47fc00a2c39e90264f33305004495a9","hash":"95473b32058705fb2ced8516d4999f5ecbae90c2"}
}
