{"/workspace/src/App.jsx": {"path":"/workspace/src/App.jsx","statementMap":{"0":{"start":{"line":9,"column":17},"end":{"line":9,"column":60}},"1":{"start":{"line":12,"column":2},"end":{"line":24,"column":3}}},"fnMap":{"0":{"name":"App","decl":{"start":{"line":11,"column":24},"end":{"line":11,"column":27}},"loc":{"start":{"line":11,"column":30},"end":{"line":25,"column":1}},"line":11}},"branchMap":{"0":{"loc":{"start":{"line":13,"column":29},"end":{"line":13,"column":50}},"type":"binary-expr","locations":[{"start":{"line":13,"column":29},"end":{"line":13,"column":37}},{"start":{"line":13,"column":41},"end":{"line":13,"column":50}}],"line":13}},"s":{"0":0,"1":0},"f":{"0":0},"b":{"0":[0,0]}}
,"/workspace/src/Index.jsx": {"path":"/workspace/src/Index.jsx","statementMap":{"0":{"start":{"line":6,"column":13},"end":{"line":6,"column":65}},"1":{"start":{"line":7,"column":0},"end":{"line":11,"column":2}}},"fnMap":{},"branchMap":{},"s":{"0":0,"1":0},"f":{},"b":{}}
,"/workspace/src/api/jobsClient.js": {"path":"/workspace/src/api/jobsClient.js","statementMap":{"0":{"start":{"line":6,"column":16},"end":{"line":6,"column":57}},"1":{"start":{"line":9,"column":2},"end":{"line":9,"column":62}}},"fnMap":{},"branchMap":{"0":{"loc":{"start":{"line":6,"column":16},"end":{"line":6,"column":57}},"type":"binary-expr","locations":[{"start":{"line":6,"column":16},"end":{"line":6,"column":43}},{"start":{"line":6,"column":47},"end":{"line":6,"column":57}}],"line":6},"1":{"loc":{"start":{"line":9,"column":2},"end":{"line":9,"column":62}},"type":"cond-expr","locations":[{"start":{"line":9,"column":25},"end":{"line":9,"column":41}},{"start":{"line":9,"column":44},"end":{"line":9,"column":62}}],"line":9}},"s":{"0":2,"1":2},"f":{},"b":{"0":[2,1],"1":[1,1]},"_coverageSchema":"1a1c01bbd47fc00a2c39e90264f33305004495a9","hash":"e807188a8e8de0db866a5151d487cd72a3fe949b"}
,"/workspace/src/api/prismaJobsClient.js": {"path":"/workspace/src/api/prismaJobsClient.js","statementMap":{"0":{"start":{"line":3,"column":32},"end":{"line":15,"column":1}},"1":{"start":{"line":6,"column":4},"end":{"line":6,"column":13}},"2":{"start":{"line":10,"column":4},"end":{"line":10,"column":14}}},"fnMap":{"0":{"name":"(anonymous_0)","decl":{"start":{"line":4,"column":2},"end":{"line":4,"column":3}},"loc":{"start":{"line":4,"column":19},"end":{"line":7,"column":3}},"line":4},"1":{"name":"(anonymous_1)","decl":{"start":{"line":8,"column":2},"end":{"line":8,"column":3}},"loc":{"start":{"line":8,"column":17},"end":{"line":11,"column":3}},"line":8},"2":{"name":"(anonymous_2)","decl":{"start":{"line":12,"column":2},"end":{"line":12,"column":3}},"loc":{"start":{"line":12,"column":17},"end":{"line":14,"column":3}},"line":12}},"branchMap":{},"s":{"0":1,"1":1,"2":1},"f":{"0":1,"1":1,"2":0},"b":{},"_coverageSchema":"1a1c01bbd47fc00a2c39e90264f33305004495a9","hash":"74843ddc95e556beb0d5e4dd3ec6a9cfcb5f6d49"}
,"/workspace/src/api/supabaseClient.js": {"path":"/workspace/src/api/supabaseClient.js","statementMap":{"0":{"start":{"line":5,"column":17},"end":{"line":5,"column":46}},"1":{"start":{"line":6,"column":17},"end":{"line":6,"column":46}},"2":{"start":{"line":8,"column":24},"end":{"line":8,"column":56}}},"fnMap":{},"branchMap":{},"s":{"0":5,"1":5,"2":5},"f":{},"b":{},"_coverageSchema":"1a1c01bbd47fc00a2c39e90264f33305004495a9","hash":"ca07d690e35855f552a159213f76b9870b925f78"}
,"/workspace/src/api/supabaseJobsClient.js": {"path":"/workspace/src/api/supabaseJobsClient.js","statementMap":{"0":{"start":{"line":5,"column":26},"end":{"line":5,"column":65}},"1":{"start":{"line":6,"column":2},"end":{"line":6,"column":40}},"2":{"start":{"line":7,"column":2},"end":{"line":7,"column":55}},"3":{"start":{"line":7,"column":13},"end":{"line":7,"column":55}},"4":{"start":{"line":8,"column":2},"end":{"line":8,"column":19}}},"fnMap":{"0":{"name":"fetchJobs","decl":{"start":{"line":4,"column":22},"end":{"line":4,"column":31}},"loc":{"start":{"line":4,"column":34},"end":{"line":9,"column":1}},"line":4}},"branchMap":{"0":{"loc":{"start":{"line":7,"column":2},"end":{"line":7,"column":55}},"type":"if","locations":[{"start":{"line":7,"column":2},"end":{"line":7,"column":55}},{"start":{},"end":{}}],"line":7},"1":{"loc":{"start":{"line":8,"column":9},"end":{"line":8,"column":19}},"type":"binary-expr","locations":[{"start":{"line":8,"column":9},"end":{"line":8,"column":13}},{"start":{"line":8,"column":17},"end":{"line":8,"column":19}}],"line":8}},"s":{"0":1,"1":1,"2":1,"3":0,"4":1},"f":{"0":1},"b":{"0":[0,1],"1":[1,0]},"_coverageSchema":"1a1c01bbd47fc00a2c39e90264f33305004495a9","hash":"acef4e03677bb42ad1f5db688fcba9cd94e995f1"}
,"/workspace/src/components/ActivateSearchButton.jsx": {"path":"/workspace/src/components/ActivateSearchButton.jsx","statementMap":{"0":{"start":{"line":5,"column":20},"end":{"line":5,"column":51}},"1":{"start":{"line":5,"column":39},"end":{"line":5,"column":50}},"2":{"start":{"line":7,"column":2},"end":{"line":14,"column":4}},"3":{"start":{"line":9,"column":21},"end":{"line":9,"column":40}}},"fnMap":{"0":{"name":"ActivateSearchButton","decl":{"start":{"line":4,"column":24},"end":{"line":4,"column":44}},"loc":{"start":{"line":4,"column":47},"end":{"line":15,"column":1}},"line":4},"1":{"name":"(anonymous_1)","decl":{"start":{"line":5,"column":32},"end":{"line":5,"column":33}},"loc":{"start":{"line":5,"column":39},"end":{"line":5,"column":50}},"line":5},"2":{"name":"(anonymous_2)","decl":{"start":{"line":9,"column":15},"end":{"line":9,"column":16}},"loc":{"start":{"line":9,"column":21},"end":{"line":9,"column":40}},"line":9}},"branchMap":{},"s":{"0":1,"1":1,"2":1,"3":0},"f":{"0":1,"1":1,"2":0},"b":{},"_coverageSchema":"1a1c01bbd47fc00a2c39e90264f33305004495a9","hash":"e53b4c3f85bfbb1d0d0c59dbc08d62fdbb10dc6f"}
,"/workspace/src/components/AppShell.jsx": {"path":"/workspace/src/components/AppShell.jsx","statementMap":{"0":{"start":{"line":6,"column":2},"end":{"line":67,"column":3}},"1":{"start":{"line":23,"column":14},"end":{"line":25,"column":16}},"2":{"start":{"line":34,"column":14},"end":{"line":36,"column":16}},"3":{"start":{"line":45,"column":14},"end":{"line":47,"column":16}}},"fnMap":{"0":{"name":"AppShell","decl":{"start":{"line":5,"column":24},"end":{"line":5,"column":32}},"loc":{"start":{"line":5,"column":47},"end":{"line":68,"column":1}},"line":5},"1":{"name":"(anonymous_1)","decl":{"start":{"line":22,"column":23},"end":{"line":22,"column":24}},"loc":{"start":{"line":23,"column":14},"end":{"line":25,"column":16}},"line":23},"2":{"name":"(anonymous_2)","decl":{"start":{"line":33,"column":23},"end":{"line":33,"column":24}},"loc":{"start":{"line":34,"column":14},"end":{"line":36,"column":16}},"line":34},"3":{"name":"(anonymous_3)","decl":{"start":{"line":44,"column":23},"end":{"line":44,"column":24}},"loc":{"start":{"line":45,"column":14},"end":{"line":47,"column":16}},"line":45}},"branchMap":{"0":{"loc":{"start":{"line":24,"column":16},"end":{"line":24,"column":62}},"type":"cond-expr","locations":[{"start":{"line":24,"column":27},"end":{"line":24,"column":40}},{"start":{"line":24,"column":43},"end":{"line":24,"column":62}}],"line":24},"1":{"loc":{"start":{"line":35,"column":16},"end":{"line":35,"column":62}},"type":"cond-expr","locations":[{"start":{"line":35,"column":27},"end":{"line":35,"column":40}},{"start":{"line":35,"column":43},"end":{"line":35,"column":62}}],"line":35},"2":{"loc":{"start":{"line":46,"column":16},"end":{"line":46,"column":62}},"type":"cond-expr","locations":[{"start":{"line":46,"column":27},"end":{"line":46,"column":40}},{"start":{"line":46,"column":43},"end":{"line":46,"column":62}}],"line":46}},"s":{"0":1,"1":1,"2":1,"3":1},"f":{"0":1,"1":1,"2":1,"3":1},"b":{"0":[0,1],"1":[0,1],"2":[0,1]},"_coverageSchema":"1a1c01bbd47fc00a2c39e90264f33305004495a9","hash":"6f57d7be9b8352fb47313a65493636613b215f91"}
,"/workspace/src/components/AvailabilityNotice.jsx": {"path":"/workspace/src/components/AvailabilityNotice.jsx","statementMap":{"0":{"start":{"line":5,"column":2},"end":{"line":12,"column":3}},"1":{"start":{"line":6,"column":4},"end":{"line":11,"column":5}},"2":{"start":{"line":14,"column":2},"end":{"line":28,"column":3}}},"fnMap":{"0":{"name":"AvailabilityNotice","decl":{"start":{"line":4,"column":24},"end":{"line":4,"column":42}},"loc":{"start":{"line":4,"column":64},"end":{"line":29,"column":1}},"line":4}},"branchMap":{"0":{"loc":{"start":{"line":4,"column":45},"end":{"line":4,"column":60}},"type":"default-arg","locations":[{"start":{"line":4,"column":55},"end":{"line":4,"column":60}}],"line":4},"1":{"loc":{"start":{"line":5,"column":2},"end":{"line":12,"column":3}},"type":"if","locations":[{"start":{"line":5,"column":2},"end":{"line":12,"column":3}},{"start":{},"end":{}}],"line":5}},"s":{"0":84,"1":72,"2":12},"f":{"0":84},"b":{"0":[12],"1":[72,12]},"_coverageSchema":"1a1c01bbd47fc00a2c39e90264f33305004495a9","hash":"a2479c92d026603050f26464e5e44905226d70df"}
,"/workspace/src/components/CampgroundCard.jsx": {"path":"/workspace/src/components/CampgroundCard.jsx","statementMap":{"0":{"start":{"line":8,"column":2},"end":{"line":54,"column":3}},"1":{"start":{"line":26,"column":12},"end":{"line":31,"column":19}}},"fnMap":{"0":{"name":"CampgroundCard","decl":{"start":{"line":7,"column":24},"end":{"line":7,"column":38}},"loc":{"start":{"line":7,"column":55},"end":{"line":55,"column":1}},"line":7},"1":{"name":"(anonymous_1)","decl":{"start":{"line":25,"column":43},"end":{"line":25,"column":44}},"loc":{"start":{"line":26,"column":12},"end":{"line":31,"column":19}},"line":26}},"branchMap":{},"s":{"0":71,"1":213},"f":{"0":71,"1":213},"b":{},"_coverageSchema":"1a1c01bbd47fc00a2c39e90264f33305004495a9","hash":"c97e66fba7a3dc1ea144be91c9864280da03b48f"}
,"/workspace/src/components/CampgroundFilters.jsx": {"path":"/workspace/src/components/CampgroundFilters.jsx","statementMap":{"0":{"start":{"line":33,"column":4},"end":{"line":33,"column":163}},"1":{"start":{"line":35,"column":2},"end":{"line":108,"column":3}},"2":{"start":{"line":43,"column":27},"end":{"line":43,"column":56}},"3":{"start":{"line":56,"column":29},"end":{"line":56,"column":59}},"4":{"start":{"line":62,"column":14},"end":{"line":64,"column":23}},"5":{"start":{"line":75,"column":29},"end":{"line":75,"column":60}},"6":{"start":{"line":81,"column":14},"end":{"line":83,"column":23}},"7":{"start":{"line":94,"column":29},"end":{"line":94,"column":56}},"8":{"start":{"line":100,"column":14},"end":{"line":102,"column":23}}},"fnMap":{"0":{"name":"CampgroundFilters","decl":{"start":{"line":19,"column":24},"end":{"line":19,"column":41}},"loc":{"start":{"line":31,"column":3},"end":{"line":109,"column":1}},"line":31},"1":{"name":"(anonymous_1)","decl":{"start":{"line":43,"column":20},"end":{"line":43,"column":21}},"loc":{"start":{"line":43,"column":27},"end":{"line":43,"column":56}},"line":43},"2":{"name":"(anonymous_2)","decl":{"start":{"line":56,"column":22},"end":{"line":56,"column":23}},"loc":{"start":{"line":56,"column":29},"end":{"line":56,"column":59}},"line":56},"3":{"name":"(anonymous_3)","decl":{"start":{"line":61,"column":25},"end":{"line":61,"column":26}},"loc":{"start":{"line":62,"column":14},"end":{"line":64,"column":23}},"line":62},"4":{"name":"(anonymous_4)","decl":{"start":{"line":75,"column":22},"end":{"line":75,"column":23}},"loc":{"start":{"line":75,"column":29},"end":{"line":75,"column":60}},"line":75},"5":{"name":"(anonymous_5)","decl":{"start":{"line":80,"column":27},"end":{"line":80,"column":28}},"loc":{"start":{"line":81,"column":14},"end":{"line":83,"column":23}},"line":81},"6":{"name":"(anonymous_6)","decl":{"start":{"line":94,"column":22},"end":{"line":94,"column":23}},"loc":{"start":{"line":94,"column":29},"end":{"line":94,"column":56}},"line":94},"7":{"name":"(anonymous_7)","decl":{"start":{"line":99,"column":22},"end":{"line":99,"column":23}},"loc":{"start":{"line":100,"column":14},"end":{"line":102,"column":23}},"line":100}},"branchMap":{},"s":{"0":10,"1":10,"2":8,"3":0,"4":170,"5":0,"6":310,"7":0,"8":180},"f":{"0":10,"1":8,"2":0,"3":170,"4":0,"5":310,"6":0,"7":180},"b":{},"_coverageSchema":"1a1c01bbd47fc00a2c39e90264f33305004495a9","hash":"6d70abee645e1fcf688dab9bf35a2491b5a2dddb"}
,"/workspace/src/components/CampgroundList.jsx": {"path":"/workspace/src/components/CampgroundList.jsx","statementMap":{"0":{"start":{"line":6,"column":2},"end":{"line":12,"column":3}},"1":{"start":{"line":7,"column":4},"end":{"line":11,"column":5}},"2":{"start":{"line":14,"column":2},"end":{"line":20,"column":3}},"3":{"start":{"line":17,"column":8},"end":{"line":17,"column":70}}},"fnMap":{"0":{"name":"CampgroundList","decl":{"start":{"line":5,"column":24},"end":{"line":5,"column":38}},"loc":{"start":{"line":5,"column":56},"end":{"line":21,"column":1}},"line":5},"1":{"name":"(anonymous_1)","decl":{"start":{"line":16,"column":23},"end":{"line":16,"column":24}},"loc":{"start":{"line":17,"column":8},"end":{"line":17,"column":70}},"line":17}},"branchMap":{"0":{"loc":{"start":{"line":6,"column":2},"end":{"line":12,"column":3}},"type":"if","locations":[{"start":{"line":6,"column":2},"end":{"line":12,"column":3}},{"start":{},"end":{}}],"line":6}},"s":{"0":10,"1":0,"2":10,"3":70},"f":{"0":10,"1":70},"b":{"0":[0,10]},"_coverageSchema":"1a1c01bbd47fc00a2c39e90264f33305004495a9","hash":"f72aff7c9a92e30eb9739051b92bae2c8b194eee"}
,"/workspace/src/components/JobsTable.jsx": {"path":"/workspace/src/components/JobsTable.jsx","statementMap":{"0":{"start":{"line":5,"column":26},"end":{"line":5,"column":38}},"1":{"start":{"line":7,"column":2},"end":{"line":14,"column":8}},"2":{"start":{"line":8,"column":21},"end":{"line":11,"column":5}},"3":{"start":{"line":9,"column":19},"end":{"line":9,"column":36}},"4":{"start":{"line":10,"column":6},"end":{"line":10,"column":19}},"5":{"start":{"line":13,"column":4},"end":{"line":13,"column":14}},"6":{"start":{"line":16,"column":2},"end":{"line":27,"column":3}},"7":{"start":{"line":21,"column":10},"end":{"line":23,"column":15}}},"fnMap":{"0":{"name":"JobsTable","decl":{"start":{"line":4,"column":24},"end":{"line":4,"column":33}},"loc":{"start":{"line":4,"column":36},"end":{"line":28,"column":1}},"line":4},"1":{"name":"(anonymous_1)","decl":{"start":{"line":7,"column":12},"end":{"line":7,"column":13}},"loc":{"start":{"line":7,"column":18},"end":{"line":14,"column":3}},"line":7},"2":{"name":"(anonymous_2)","decl":{"start":{"line":8,"column":21},"end":{"line":8,"column":22}},"loc":{"start":{"line":8,"column":33},"end":{"line":11,"column":5}},"line":8},"3":{"name":"(anonymous_3)","decl":{"start":{"line":20,"column":18},"end":{"line":20,"column":19}},"loc":{"start":{"line":21,"column":10},"end":{"line":23,"column":15}},"line":21}},"branchMap":{},"s":{"0":2,"1":2,"2":1,"3":1,"4":1,"5":1,"6":2,"7":2},"f":{"0":2,"1":1,"2":1,"3":2},"b":{},"_coverageSchema":"1a1c01bbd47fc00a2c39e90264f33305004495a9","hash":"c7fb305d6e76175a6d53d1add4b1b81ba34bb741"}
,"/workspace/src/components/KnowledgeDocumentCard.jsx": {"path":"/workspace/src/components/KnowledgeDocumentCard.jsx","statementMap":{"0":{"start":{"line":11,"column":21},"end":{"line":11,"column":61}},"1":{"start":{"line":13,"column":2},"end":{"line":50,"column":3}}},"fnMap":{"0":{"name":"KnowledgeDocumentCard","decl":{"start":{"line":10,"column":24},"end":{"line":10,"column":45}},"loc":{"start":{"line":10,"column":60},"end":{"line":51,"column":1}},"line":10}},"branchMap":{"0":{"loc":{"start":{"line":30,"column":9},"end":{"line":38,"column":9}},"type":"binary-expr","locations":[{"start":{"line":30,"column":9},"end":{"line":30,"column":19}},{"start":{"line":31,"column":10},"end":{"line":37,"column":17}}],"line":30}},"s":{"0":230,"1":230},"f":{"0":230},"b":{"0":[230,230]},"_coverageSchema":"1a1c01bbd47fc00a2c39e90264f33305004495a9","hash":"49c27d899a437b3caf7c7fd0ead055c86b85c8eb"}
,"/workspace/src/components/KnowledgeFilters.jsx": {"path":"/workspace/src/components/KnowledgeFilters.jsx","statementMap":{"0":{"start":{"line":14,"column":35},"end":{"line":16,"column":3}},"1":{"start":{"line":15,"column":4},"end":{"line":15,"column":32}},"2":{"start":{"line":18,"column":2},"end":{"line":75,"column":3}},"3":{"start":{"line":31,"column":29},"end":{"line":31,"column":58}},"4":{"start":{"line":43,"column":29},"end":{"line":43,"column":63}},"5":{"start":{"line":48,"column":14},"end":{"line":50,"column":23}},"6":{"start":{"line":62,"column":29},"end":{"line":62,"column":65}},"7":{"start":{"line":67,"column":14},"end":{"line":69,"column":23}}},"fnMap":{"0":{"name":"KnowledgeFilters","decl":{"start":{"line":5,"column":24},"end":{"line":5,"column":40}},"loc":{"start":{"line":13,"column":3},"end":{"line":76,"column":1}},"line":13},"1":{"name":"(anonymous_1)","decl":{"start":{"line":14,"column":62},"end":{"line":14,"column":63}},"loc":{"start":{"line":15,"column":4},"end":{"line":15,"column":32}},"line":15},"2":{"name":"(anonymous_2)","decl":{"start":{"line":31,"column":22},"end":{"line":31,"column":23}},"loc":{"start":{"line":31,"column":29},"end":{"line":31,"column":58}},"line":31},"3":{"name":"(anonymous_3)","decl":{"start":{"line":43,"column":22},"end":{"line":43,"column":23}},"loc":{"start":{"line":43,"column":29},"end":{"line":43,"column":63}},"line":43},"4":{"name":"(anonymous_4)","decl":{"start":{"line":47,"column":42},"end":{"line":47,"column":43}},"loc":{"start":{"line":48,"column":14},"end":{"line":50,"column":23}},"line":48},"5":{"name":"(anonymous_5)","decl":{"start":{"line":62,"column":22},"end":{"line":62,"column":23}},"loc":{"start":{"line":62,"column":29},"end":{"line":62,"column":65}},"line":62},"6":{"name":"(anonymous_6)","decl":{"start":{"line":66,"column":42},"end":{"line":66,"column":43}},"loc":{"start":{"line":67,"column":14},"end":{"line":69,"column":23}},"line":67}},"branchMap":{},"s":{"0":8,"1":160,"2":8,"3":4,"4":0,"5":96,"6":0,"7":32},"f":{"0":8,"1":160,"2":4,"3":0,"4":96,"5":0,"6":32},"b":{},"_coverageSchema":"1a1c01bbd47fc00a2c39e90264f33305004495a9","hash":"31da2966e76b30ea52622413bcbf2f53b49ecc60"}
,"/workspace/src/components/QueueListPanel.jsx": {"path":"/workspace/src/components/QueueListPanel.jsx","statementMap":{"0":{"start":{"line":6,"column":16},"end":{"line":6,"column":43}},"1":{"start":{"line":6,"column":35},"end":{"line":6,"column":42}},"2":{"start":{"line":7,"column":2},"end":{"line":19,"column":3}},"3":{"start":{"line":12,"column":10},"end":{"line":15,"column":15}}},"fnMap":{"0":{"name":"QueueListPanel","decl":{"start":{"line":5,"column":16},"end":{"line":5,"column":30}},"loc":{"start":{"line":5,"column":33},"end":{"line":20,"column":1}},"line":5},"1":{"name":"(anonymous_1)","decl":{"start":{"line":6,"column":28},"end":{"line":6,"column":29}},"loc":{"start":{"line":6,"column":35},"end":{"line":6,"column":42}},"line":6},"2":{"name":"(anonymous_2)","decl":{"start":{"line":11,"column":19},"end":{"line":11,"column":20}},"loc":{"start":{"line":12,"column":10},"end":{"line":15,"column":15}},"line":12}},"branchMap":{},"s":{"0":1,"1":1,"2":1,"3":2},"f":{"0":1,"1":1,"2":2},"b":{},"_coverageSchema":"1a1c01bbd47fc00a2c39e90264f33305004495a9","hash":"628f17969e8e73d9adf3714efbccc85442f1aa01"}
,"/workspace/src/components/SearchStatusBanner.jsx": {"path":"/workspace/src/components/SearchStatusBanner.jsx","statementMap":{"0":{"start":{"line":6,"column":17},"end":{"line":6,"column":45}},"1":{"start":{"line":6,"column":36},"end":{"line":6,"column":44}},"2":{"start":{"line":7,"column":20},"end":{"line":7,"column":51}},"3":{"start":{"line":7,"column":39},"end":{"line":7,"column":50}},"4":{"start":{"line":9,"column":2},"end":{"line":11,"column":3}},"5":{"start":{"line":10,"column":4},"end":{"line":10,"column":36}},"6":{"start":{"line":12,"column":2},"end":{"line":22,"column":4}},"7":{"start":{"line":17,"column":23},"end":{"line":17,"column":42}}},"fnMap":{"0":{"name":"SearchStatusBanner","decl":{"start":{"line":5,"column":24},"end":{"line":5,"column":42}},"loc":{"start":{"line":5,"column":45},"end":{"line":23,"column":1}},"line":5},"1":{"name":"(anonymous_1)","decl":{"start":{"line":6,"column":29},"end":{"line":6,"column":30}},"loc":{"start":{"line":6,"column":36},"end":{"line":6,"column":44}},"line":6},"2":{"name":"(anonymous_2)","decl":{"start":{"line":7,"column":32},"end":{"line":7,"column":33}},"loc":{"start":{"line":7,"column":39},"end":{"line":7,"column":50}},"line":7},"3":{"name":"(anonymous_3)","decl":{"start":{"line":17,"column":17},"end":{"line":17,"column":18}},"loc":{"start":{"line":17,"column":23},"end":{"line":17,"column":42}},"line":17}},"branchMap":{"0":{"loc":{"start":{"line":9,"column":2},"end":{"line":11,"column":3}},"type":"if","locations":[{"start":{"line":9,"column":2},"end":{"line":11,"column":3}},{"start":{},"end":{}}],"line":9}},"s":{"0":1,"1":1,"2":1,"3":1,"4":1,"5":0,"6":1,"7":0},"f":{"0":1,"1":1,"2":1,"3":0},"b":{"0":[0,1]},"_coverageSchema":"1a1c01bbd47fc00a2c39e90264f33305004495a9","hash":"fc76977881b14c6a77f1b3705319d9538dfa3bbf"}
,"/workspace/src/components/StatusCard.jsx": {"path":"/workspace/src/components/StatusCard.jsx","statementMap":{"0":{"start":{"line":4,"column":2},"end":{"line":22,"column":4}}},"fnMap":{"0":{"name":"StatusCard","decl":{"start":{"line":3,"column":16},"end":{"line":3,"column":26}},"loc":{"start":{"line":3,"column":60},"end":{"line":23,"column":1}},"line":3}},"branchMap":{"0":{"loc":{"start":{"line":11,"column":9},"end":{"line":15,"column":9}},"type":"binary-expr","locations":[{"start":{"line":11,"column":9},"end":{"line":11,"column":16}},{"start":{"line":12,"column":10},"end":{"line":14,"column":19}}],"line":11}},"s":{"0":1},"f":{"0":1},"b":{"0":[1,1]},"_coverageSchema":"1a1c01bbd47fc00a2c39e90264f33305004495a9","hash":"df73631904f17281df9be8fe7f5083f14b387d23"}
,"/workspace/src/components/StatusCards.jsx": {"path":"/workspace/src/components/StatusCards.jsx","statementMap":{"0":{"start":{"line":6,"column":19},"end":{"line":6,"column":32}},"1":{"start":{"line":8,"column":2},"end":{"line":21,"column":4}},"2":{"start":{"line":11,"column":8},"end":{"line":18,"column":14}},"3":{"start":{"line":14,"column":25},"end":{"line":14,"column":39}}},"fnMap":{"0":{"name":"StatusCards","decl":{"start":{"line":5,"column":24},"end":{"line":5,"column":35}},"loc":{"start":{"line":5,"column":47},"end":{"line":22,"column":1}},"line":5},"1":{"name":"(anonymous_1)","decl":{"start":{"line":10,"column":17},"end":{"line":10,"column":18}},"loc":{"start":{"line":11,"column":8},"end":{"line":18,"column":14}},"line":11},"2":{"name":"(anonymous_2)","decl":{"start":{"line":14,"column":19},"end":{"line":14,"column":20}},"loc":{"start":{"line":14,"column":25},"end":{"line":14,"column":39}},"line":14}},"branchMap":{},"s":{"0":1,"1":1,"2":1,"3":0},"f":{"0":1,"1":1,"2":0},"b":{},"_coverageSchema":"1a1c01bbd47fc00a2c39e90264f33305004495a9","hash":"fdc115ccdc6bcbd73da3a2f7961ce0274e186669"}
,"/workspace/src/components/ToastBanner.jsx": {"path":"/workspace/src/components/ToastBanner.jsx","statementMap":{"0":{"start":{"line":5,"column":2},"end":{"line":10,"column":35}},"1":{"start":{"line":6,"column":4},"end":{"line":9,"column":5}},"2":{"start":{"line":7,"column":20},"end":{"line":7,"column":49}},"3":{"start":{"line":8,"column":6},"end":{"line":8,"column":39}},"4":{"start":{"line":8,"column":19},"end":{"line":8,"column":38}},"5":{"start":{"line":12,"column":2},"end":{"line":28,"column":4}}},"fnMap":{"0":{"name":"ToastBanner","decl":{"start":{"line":4,"column":16},"end":{"line":4,"column":27}},"loc":{"start":{"line":4,"column":76},"end":{"line":29,"column":1}},"line":4},"1":{"name":"(anonymous_1)","decl":{"start":{"line":5,"column":18},"end":{"line":5,"column":19}},"loc":{"start":{"line":5,"column":24},"end":{"line":10,"column":3}},"line":5},"2":{"name":"(anonymous_2)","decl":{"start":{"line":8,"column":13},"end":{"line":8,"column":14}},"loc":{"start":{"line":8,"column":19},"end":{"line":8,"column":38}},"line":8}},"branchMap":{"0":{"loc":{"start":{"line":4,"column":57},"end":{"line":4,"column":72}},"type":"default-arg","locations":[{"start":{"line":4,"column":68},"end":{"line":4,"column":72}}],"line":4},"1":{"loc":{"start":{"line":6,"column":4},"end":{"line":9,"column":5}},"type":"if","locations":[{"start":{"line":6,"column":4},"end":{"line":9,"column":5}},{"start":{},"end":{}}],"line":6},"2":{"loc":{"start":{"line":14,"column":7},"end":{"line":26,"column":7}},"type":"binary-expr","locations":[{"start":{"line":14,"column":7},"end":{"line":14,"column":14}},{"start":{"line":15,"column":8},"end":{"line":25,"column":21}}],"line":14}},"s":{"0":1,"1":1,"2":1,"3":1,"4":1,"5":1},"f":{"0":1,"1":1,"2":1},"b":{"0":[0],"1":[1,0],"2":[1,1]},"_coverageSchema":"1a1c01bbd47fc00a2c39e90264f33305004495a9","hash":"799624e8fb8826e2286bdb8e4d876afcacdf8416"}
,"/workspace/src/data/campgroundData.js": {"path":"/workspace/src/data/campgroundData.js","statementMap":{"0":{"start":{"line":6,"column":2},"end":{"line":6,"column":46}},"1":{"start":{"line":11,"column":2},"end":{"line":11,"column":61}},"2":{"start":{"line":11,"column":41},"end":{"line":11,"column":52}},"3":{"start":{"line":16,"column":2},"end":{"line":16,"column":70}},"4":{"start":{"line":16,"column":52},"end":{"line":16,"column":60}},"5":{"start":{"line":21,"column":20},"end":{"line":21,"column":67}},"6":{"start":{"line":21,"column":55},"end":{"line":21,"column":66}},"7":{"start":{"line":22,"column":2},"end":{"line":22,"column":39}},"8":{"start":{"line":27,"column":15},"end":{"line":27,"column":57}},"9":{"start":{"line":27,"column":50},"end":{"line":27,"column":56}},"10":{"start":{"line":28,"column":2},"end":{"line":28,"column":34}},"11":{"start":{"line":41,"column":26},"end":{"line":41,"column":52}},"12":{"start":{"line":43,"column":2},"end":{"line":61,"column":4}},"13":{"start":{"line":44,"column":4},"end":{"line":44,"column":60}},"14":{"start":{"line":44,"column":48},"end":{"line":44,"column":60}},"15":{"start":{"line":45,"column":4},"end":{"line":45,"column":72}},"16":{"start":{"line":45,"column":60},"end":{"line":45,"column":72}},"17":{"start":{"line":46,"column":4},"end":{"line":46,"column":59}},"18":{"start":{"line":46,"column":47},"end":{"line":46,"column":59}},"19":{"start":{"line":48,"column":4},"end":{"line":48,"column":37}},"20":{"start":{"line":48,"column":26},"end":{"line":48,"column":37}},"21":{"start":{"line":50,"column":21},"end":{"line":58,"column":20}},"22":{"start":{"line":60,"column":4},"end":{"line":60,"column":45}}},"fnMap":{"0":{"name":"getAllCampgrounds","decl":{"start":{"line":5,"column":16},"end":{"line":5,"column":33}},"loc":{"start":{"line":5,"column":36},"end":{"line":7,"column":1}},"line":5},"1":{"name":"getCampgroundById","decl":{"start":{"line":10,"column":16},"end":{"line":10,"column":33}},"loc":{"start":{"line":10,"column":38},"end":{"line":12,"column":1}},"line":10},"2":{"name":"(anonymous_2)","decl":{"start":{"line":11,"column":34},"end":{"line":11,"column":35}},"loc":{"start":{"line":11,"column":41},"end":{"line":11,"column":52}},"line":11},"3":{"name":"getAllRegions","decl":{"start":{"line":15,"column":16},"end":{"line":15,"column":29}},"loc":{"start":{"line":15,"column":32},"end":{"line":17,"column":1}},"line":15},"4":{"name":"(anonymous_4)","decl":{"start":{"line":16,"column":45},"end":{"line":16,"column":46}},"loc":{"start":{"line":16,"column":52},"end":{"line":16,"column":60}},"line":16},"5":{"name":"getAllAmenities","decl":{"start":{"line":20,"column":16},"end":{"line":20,"column":31}},"loc":{"start":{"line":20,"column":34},"end":{"line":23,"column":1}},"line":20},"6":{"name":"(anonymous_6)","decl":{"start":{"line":21,"column":48},"end":{"line":21,"column":49}},"loc":{"start":{"line":21,"column":55},"end":{"line":21,"column":66}},"line":21},"7":{"name":"getAllTags","decl":{"start":{"line":26,"column":16},"end":{"line":26,"column":26}},"loc":{"start":{"line":26,"column":29},"end":{"line":29,"column":1}},"line":26},"8":{"name":"(anonymous_8)","decl":{"start":{"line":27,"column":43},"end":{"line":27,"column":44}},"loc":{"start":{"line":27,"column":50},"end":{"line":27,"column":56}},"line":27},"9":{"name":"searchCampgrounds","decl":{"start":{"line":40,"column":16},"end":{"line":40,"column":33}},"loc":{"start":{"line":40,"column":92},"end":{"line":62,"column":1}},"line":40},"10":{"name":"(anonymous_10)","decl":{"start":{"line":43,"column":36},"end":{"line":43,"column":37}},"loc":{"start":{"line":43,"column":52},"end":{"line":61,"column":3}},"line":43}},"branchMap":{"0":{"loc":{"start":{"line":11,"column":9},"end":{"line":11,"column":61}},"type":"binary-expr","locations":[{"start":{"line":11,"column":9},"end":{"line":11,"column":53}},{"start":{"line":11,"column":57},"end":{"line":11,"column":61}}],"line":11},"1":{"loc":{"start":{"line":40,"column":34},"end":{"line":40,"column":90}},"type":"default-arg","locations":[{"start":{"line":40,"column":88},"end":{"line":40,"column":90}}],"line":40},"2":{"loc":{"start":{"line":40,"column":36},"end":{"line":40,"column":46}},"type":"default-arg","locations":[{"start":{"line":40,"column":44},"end":{"line":40,"column":46}}],"line":40},"3":{"loc":{"start":{"line":40,"column":48},"end":{"line":40,"column":59}},"type":"default-arg","locations":[{"start":{"line":40,"column":57},"end":{"line":40,"column":59}}],"line":40},"4":{"loc":{"start":{"line":40,"column":61},"end":{"line":40,"column":73}},"type":"default-arg","locations":[{"start":{"line":40,"column":71},"end":{"line":40,"column":73}}],"line":40},"5":{"loc":{"start":{"line":40,"column":75},"end":{"line":40,"column":83}},"type":"default-arg","locations":[{"start":{"line":40,"column":81},"end":{"line":40,"column":83}}],"line":40},"6":{"loc":{"start":{"line":44,"column":4},"end":{"line":44,"column":60}},"type":"if","locations":[{"start":{"line":44,"column":4},"end":{"line":44,"column":60}},{"start":{},"end":{}}],"line":44},"7":{"loc":{"start":{"line":44,"column":8},"end":{"line":44,"column":46}},"type":"binary-expr","locations":[{"start":{"line":44,"column":8},"end":{"line":44,"column":14}},{"start":{"line":44,"column":18},"end":{"line":44,"column":46}}],"line":44},"8":{"loc":{"start":{"line":45,"column":4},"end":{"line":45,"column":72}},"type":"if","locations":[{"start":{"line":45,"column":4},"end":{"line":45,"column":72}},{"start":{},"end":{}}],"line":45},"9":{"loc":{"start":{"line":45,"column":8},"end":{"line":45,"column":58}},"type":"binary-expr","locations":[{"start":{"line":45,"column":8},"end":{"line":45,"column":15}},{"start":{"line":45,"column":19},"end":{"line":45,"column":58}}],"line":45},"10":{"loc":{"start":{"line":46,"column":4},"end":{"line":46,"column":59}},"type":"if","locations":[{"start":{"line":46,"column":4},"end":{"line":46,"column":59}},{"start":{},"end":{}}],"line":46},"11":{"loc":{"start":{"line":46,"column":8},"end":{"line":46,"column":45}},"type":"binary-expr","locations":[{"start":{"line":46,"column":8},"end":{"line":46,"column":11}},{"start":{"line":46,"column":15},"end":{"line":46,"column":45}}],"line":46},"12":{"loc":{"start":{"line":48,"column":4},"end":{"line":48,"column":37}},"type":"if","locations":[{"start":{"line":48,"column":4},"end":{"line":48,"column":37}},{"start":{},"end":{}}],"line":48}},"s":{"0":376,"1":339,"2":3213,"3":4,"4":80,"5":4,"6":80,"7":4,"8":4,"9":80,"10":4,"11":15,"12":15,"13":300,"14":19,"15":281,"16":15,"17":266,"18":22,"19":244,"20":48,"21":196,"22":196},"f":{"0":376,"1":339,"2":3213,"3":4,"4":80,"5":4,"6":80,"7":4,"8":80,"9":15,"10":300},"b":{"0":[339,2],"1":[0],"2":[3],"3":[4],"4":[4],"5":[3],"6":[19,281],"7":[300,20],"8":[15,266],"9":[281,20],"10":[22,244],"11":[266,40],"12":[48,196]},"_coverageSchema":"1a1c01bbd47fc00a2c39e90264f33305004495a9","hash":"a8c1945eb0d33d62db65fc211687c20f40fa18d1"}
,"/workspace/src/data/campgroundSchema.js": {"path":"/workspace/src/data/campgroundSchema.js","statementMap":{"0":{"start":{"line":8,"column":33},"end":{"line":20,"column":1}},"1":{"start":{"line":43,"column":2},"end":{"line":43,"column":65}},"2":{"start":{"line":43,"column":53},"end":{"line":43,"column":65}},"3":{"start":{"line":45,"column":26},"end":{"line":45,"column":121}},"4":{"start":{"line":46,"column":2},"end":{"line":50,"column":3}},"5":{"start":{"line":47,"column":4},"end":{"line":49,"column":5}},"6":{"start":{"line":48,"column":6},"end":{"line":48,"column":18}},"7":{"start":{"line":52,"column":25},"end":{"line":52,"column":55}},"8":{"start":{"line":53,"column":2},"end":{"line":55,"column":3}},"9":{"start":{"line":54,"column":4},"end":{"line":54,"column":55}},"10":{"start":{"line":54,"column":43},"end":{"line":54,"column":55}},"11":{"start":{"line":57,"column":2},"end":{"line":62,"column":3}},"12":{"start":{"line":58,"column":4},"end":{"line":58,"column":33}},"13":{"start":{"line":59,"column":4},"end":{"line":59,"column":38}},"14":{"start":{"line":61,"column":4},"end":{"line":61,"column":16}},"15":{"start":{"line":64,"column":2},"end":{"line":64,"column":61}}},"fnMap":{"0":{"name":"isValidCampground","decl":{"start":{"line":42,"column":16},"end":{"line":42,"column":33}},"loc":{"start":{"line":42,"column":46},"end":{"line":65,"column":1}},"line":42}},"branchMap":{"0":{"loc":{"start":{"line":43,"column":2},"end":{"line":43,"column":65}},"type":"if","locations":[{"start":{"line":43,"column":2},"end":{"line":43,"column":65}},{"start":{},"end":{}}],"line":43},"1":{"loc":{"start":{"line":43,"column":6},"end":{"line":43,"column":51}},"type":"binary-expr","locations":[{"start":{"line":43,"column":6},"end":{"line":43,"column":17}},{"start":{"line":43,"column":21},"end":{"line":43,"column":51}}],"line":43},"2":{"loc":{"start":{"line":47,"column":4},"end":{"line":49,"column":5}},"type":"if","locations":[{"start":{"line":47,"column":4},"end":{"line":49,"column":5}},{"start":{},"end":{}}],"line":47},"3":{"loc":{"start":{"line":47,"column":8},"end":{"line":47,"column":80}},"type":"binary-expr","locations":[{"start":{"line":47,"column":8},"end":{"line":47,"column":45}},{"start":{"line":47,"column":49},"end":{"line":47,"column":80}}],"line":47},"4":{"loc":{"start":{"line":54,"column":4},"end":{"line":54,"column":55}},"type":"if","locations":[{"start":{"line":54,"column":4},"end":{"line":54,"column":55}},{"start":{},"end":{}}],"line":54}},"s":{"0":6,"1":7543,"2":0,"3":7543,"4":7543,"5":60340,"6":1,"7":7542,"8":7542,"9":22626,"10":0,"11":7542,"12":7542,"13":7541,"14":1,"15":7541},"f":{"0":7543},"b":{"0":[0,7543],"1":[7543,7543],"2":[1,60339],"3":[60340,60340],"4":[0,22626]},"_coverageSchema":"1a1c01bbd47fc00a2c39e90264f33305004495a9","hash":"604b0270e0004b4b040a32d79c62f5d9ecb7195c"}
,"/workspace/src/data/campgrounds.js": {"path":"/workspace/src/data/campgrounds.js","statementMap":{"0":{"start":{"line":8,"column":27},"end":{"line":269,"column":1}}},"fnMap":{},"branchMap":{},"s":{"0":7},"f":{},"b":{},"_coverageSchema":"1a1c01bbd47fc00a2c39e90264f33305004495a9","hash":"762d93caeceee0d87fb9ba345193f07b21ddb427"}
,"/workspace/src/data/knowledgeSchema.js": {"path":"/workspace/src/data/knowledgeSchema.js","statementMap":{"0":{"start":{"line":8,"column":40},"end":{"line":13,"column":1}},"1":{"start":{"line":15,"column":41},"end":{"line":24,"column":1}},"2":{"start":{"line":48,"column":2},"end":{"line":48,"column":61}},"3":{"start":{"line":48,"column":49},"end":{"line":48,"column":61}},"4":{"start":{"line":50,"column":26},"end":{"line":59,"column":3}},"5":{"start":{"line":61,"column":2},"end":{"line":65,"column":3}},"6":{"start":{"line":62,"column":4},"end":{"line":64,"column":5}},"7":{"start":{"line":63,"column":6},"end":{"line":63,"column":18}},"8":{"start":{"line":67,"column":2},"end":{"line":69,"column":3}},"9":{"start":{"line":68,"column":4},"end":{"line":68,"column":16}},"10":{"start":{"line":71,"column":2},"end":{"line":75,"column":3}},"11":{"start":{"line":72,"column":4},"end":{"line":72,"column":31}},"12":{"start":{"line":74,"column":4},"end":{"line":74,"column":16}},"13":{"start":{"line":77,"column":2},"end":{"line":77,"column":58}},"14":{"start":{"line":86,"column":17},"end":{"line":91,"column":3}},"15":{"start":{"line":93,"column":2},"end":{"line":93,"column":45}}},"fnMap":{"0":{"name":"isValidKnowledgeDocument","decl":{"start":{"line":47,"column":16},"end":{"line":47,"column":40}},"loc":{"start":{"line":47,"column":51},"end":{"line":78,"column":1}},"line":47},"1":{"name":"getDocumentTypeLabel","decl":{"start":{"line":85,"column":16},"end":{"line":85,"column":36}},"loc":{"start":{"line":85,"column":51},"end":{"line":94,"column":1}},"line":85}},"branchMap":{"0":{"loc":{"start":{"line":48,"column":2},"end":{"line":48,"column":61}},"type":"if","locations":[{"start":{"line":48,"column":2},"end":{"line":48,"column":61}},{"start":{},"end":{}}],"line":48},"1":{"loc":{"start":{"line":48,"column":6},"end":{"line":48,"column":47}},"type":"binary-expr","locations":[{"start":{"line":48,"column":6},"end":{"line":48,"column":15}},{"start":{"line":48,"column":19},"end":{"line":48,"column":47}}],"line":48},"2":{"loc":{"start":{"line":62,"column":4},"end":{"line":64,"column":5}},"type":"if","locations":[{"start":{"line":62,"column":4},"end":{"line":64,"column":5}},{"start":{},"end":{}}],"line":62},"3":{"loc":{"start":{"line":62,"column":8},"end":{"line":62,"column":76}},"type":"binary-expr","locations":[{"start":{"line":62,"column":8},"end":{"line":62,"column":43}},{"start":{"line":62,"column":47},"end":{"line":62,"column":76}}],"line":62},"4":{"loc":{"start":{"line":67,"column":2},"end":{"line":69,"column":3}},"type":"if","locations":[{"start":{"line":67,"column":2},"end":{"line":69,"column":3}},{"start":{},"end":{}}],"line":67},"5":{"loc":{"start":{"line":93,"column":9},"end":{"line":93,"column":45}},"type":"binary-expr","locations":[{"start":{"line":93,"column":9},"end":{"line":93,"column":29}},{"start":{"line":93,"column":33},"end":{"line":93,"column":45}}],"line":93}},"s":{"0":4,"1":4,"2":784,"3":0,"4":784,"5":784,"6":6269,"7":1,"8":783,"9":1,"10":782,"11":782,"12":1,"13":781,"14":266,"15":266},"f":{"0":784,"1":266},"b":{"0":[0,784],"1":[784,784],"2":[1,6268],"3":[6269,6269],"4":[1,782],"5":[266,0]},"_coverageSchema":"1a1c01bbd47fc00a2c39e90264f33305004495a9","hash":"d21099e927cd82c3a46d3ab70503db5af2a25b0d"}
,"/workspace/src/data/knowledge/documents.js": {"path":"/workspace/src/data/knowledge/documents.js","statementMap":{"0":{"start":{"line":60,"column":34},"end":{"line":100,"column":1}},"1":{"start":{"line":107,"column":2},"end":{"line":113,"column":4}},"2":{"start":{"line":108,"column":4},"end":{"line":111,"column":5}},"3":{"start":{"line":109,"column":6},"end":{"line":109,"column":81}},"4":{"start":{"line":110,"column":6},"end":{"line":110,"column":18}},"5":{"start":{"line":112,"column":4},"end":{"line":112,"column":15}},"6":{"start":{"line":121,"column":2},"end":{"line":121,"column":87}},"7":{"start":{"line":121,"column":61},"end":{"line":121,"column":77}}},"fnMap":{"0":{"name":"getAllKnowledgeDocuments","decl":{"start":{"line":106,"column":16},"end":{"line":106,"column":40}},"loc":{"start":{"line":106,"column":43},"end":{"line":114,"column":1}},"line":106},"1":{"name":"(anonymous_1)","decl":{"start":{"line":107,"column":35},"end":{"line":107,"column":36}},"loc":{"start":{"line":107,"column":44},"end":{"line":113,"column":3}},"line":107},"2":{"name":"getKnowledgeCampgroundIds","decl":{"start":{"line":120,"column":16},"end":{"line":120,"column":41}},"loc":{"start":{"line":120,"column":44},"end":{"line":122,"column":1}},"line":120},"3":{"name":"(anonymous_3)","decl":{"start":{"line":121,"column":52},"end":{"line":121,"column":53}},"loc":{"start":{"line":121,"column":61},"end":{"line":121,"column":77}},"line":121}},"branchMap":{"0":{"loc":{"start":{"line":108,"column":4},"end":{"line":111,"column":5}},"type":"if","locations":[{"start":{"line":108,"column":4},"end":{"line":111,"column":5}},{"start":{},"end":{}}],"line":108},"1":{"loc":{"start":{"line":109,"column":58},"end":{"line":109,"column":78}},"type":"binary-expr","locations":[{"start":{"line":109,"column":58},"end":{"line":109,"column":65}},{"start":{"line":109,"column":69},"end":{"line":109,"column":78}}],"line":109}},"s":{"0":4,"1":19,"2":741,"3":0,"4":0,"5":741,"6":4,"7":156},"f":{"0":19,"1":741,"2":4,"3":156},"b":{"0":[0,741],"1":[0,0]},"_coverageSchema":"1a1c01bbd47fc00a2c39e90264f33305004495a9","hash":"22689519118b12855f78e84ec781b5809050dad1"}
,"/workspace/src/data/knowledge/knowledgeIndex.js": {"path":"/workspace/src/data/knowledge/knowledgeIndex.js","statementMap":{"0":{"start":{"line":15,"column":2},"end":{"line":18,"column":40}},"1":{"start":{"line":18,"column":23},"end":{"line":18,"column":39}},"2":{"start":{"line":26,"column":15},"end":{"line":26,"column":24}},"3":{"start":{"line":27,"column":23},"end":{"line":27,"column":32}},"4":{"start":{"line":28,"column":17},"end":{"line":28,"column":26}},"5":{"start":{"line":29,"column":23},"end":{"line":29,"column":32}},"6":{"start":{"line":31,"column":2},"end":{"line":53,"column":3}},"7":{"start":{"line":32,"column":4},"end":{"line":32,"column":25}},"8":{"start":{"line":34,"column":4},"end":{"line":36,"column":5}},"9":{"start":{"line":35,"column":6},"end":{"line":35,"column":44}},"10":{"start":{"line":37,"column":4},"end":{"line":37,"column":48}},"11":{"start":{"line":39,"column":4},"end":{"line":41,"column":5}},"12":{"start":{"line":40,"column":6},"end":{"line":40,"column":38}},"13":{"start":{"line":42,"column":4},"end":{"line":42,"column":42}},"14":{"start":{"line":44,"column":27},"end":{"line":44,"column":95}},"15":{"start":{"line":45,"column":19},"end":{"line":45,"column":43}},"16":{"start":{"line":47,"column":4},"end":{"line":52,"column":5}},"17":{"start":{"line":48,"column":6},"end":{"line":50,"column":7}},"18":{"start":{"line":49,"column":8},"end":{"line":49,"column":42}},"19":{"start":{"line":51,"column":6},"end":{"line":51,"column":41}},"20":{"start":{"line":55,"column":2},"end":{"line":55,"column":64}},"21":{"start":{"line":58,"column":18},"end":{"line":58,"column":22}},"22":{"start":{"line":65,"column":2},"end":{"line":67,"column":3}},"23":{"start":{"line":66,"column":4},"end":{"line":66,"column":65}},"24":{"start":{"line":68,"column":2},"end":{"line":68,"column":20}},"25":{"start":{"line":75,"column":2},"end":{"line":75,"column":20}},"26":{"start":{"line":84,"column":2},"end":{"line":84,"column":41}},"27":{"start":{"line":93,"column":2},"end":{"line":93,"column":65}},"28":{"start":{"line":102,"column":2},"end":{"line":102,"column":59}},"29":{"start":{"line":111,"column":21},"end":{"line":111,"column":49}},"30":{"start":{"line":112,"column":2},"end":{"line":114,"column":3}},"31":{"start":{"line":113,"column":4},"end":{"line":113,"column":40}},"32":{"start":{"line":116,"column":22},"end":{"line":116,"column":42}},"33":{"start":{"line":117,"column":2},"end":{"line":119,"column":3}},"34":{"start":{"line":118,"column":4},"end":{"line":118,"column":13}},"35":{"start":{"line":121,"column":33},"end":{"line":121,"column":52}},"36":{"start":{"line":122,"column":22},"end":{"line":122,"column":31}},"37":{"start":{"line":124,"column":2},"end":{"line":132,"column":3}},"38":{"start":{"line":125,"column":4},"end":{"line":131,"column":5}},"39":{"start":{"line":126,"column":6},"end":{"line":130,"column":7}},"40":{"start":{"line":127,"column":8},"end":{"line":129,"column":9}},"41":{"start":{"line":128,"column":10},"end":{"line":128,"column":32}},"42":{"start":{"line":134,"column":2},"end":{"line":134,"column":67}},"43":{"start":{"line":134,"column":38},"end":{"line":134,"column":50}},"44":{"start":{"line":143,"column":16},"end":{"line":145,"column":35}},"45":{"start":{"line":147,"column":2},"end":{"line":149,"column":3}},"46":{"start":{"line":148,"column":4},"end":{"line":148,"column":72}},"47":{"start":{"line":148,"column":38},"end":{"line":148,"column":71}},"48":{"start":{"line":151,"column":2},"end":{"line":153,"column":3}},"49":{"start":{"line":152,"column":4},"end":{"line":152,"column":72}},"50":{"start":{"line":152,"column":38},"end":{"line":152,"column":71}},"51":{"start":{"line":155,"column":2},"end":{"line":155,"column":16}},"52":{"start":{"line":163,"column":2},"end":{"line":165,"column":3}},"53":{"start":{"line":164,"column":4},"end":{"line":164,"column":40}},"54":{"start":{"line":173,"column":16},"end":{"line":173,"column":35}},"55":{"start":{"line":174,"column":2},"end":{"line":178,"column":3}}},"fnMap":{"0":{"name":"tokenize","decl":{"start":{"line":14,"column":9},"end":{"line":14,"column":17}},"loc":{"start":{"line":14,"column":24},"end":{"line":19,"column":1}},"line":14},"1":{"name":"(anonymous_1)","decl":{"start":{"line":18,"column":12},"end":{"line":18,"column":13}},"loc":{"start":{"line":18,"column":23},"end":{"line":18,"column":39}},"line":18},"2":{"name":"buildKnowledgeIndex","decl":{"start":{"line":25,"column":16},"end":{"line":25,"column":35}},"loc":{"start":{"line":25,"column":47},"end":{"line":56,"column":1}},"line":25},"3":{"name":"getKnowledgeIndex","decl":{"start":{"line":64,"column":16},"end":{"line":64,"column":33}},"loc":{"start":{"line":64,"column":36},"end":{"line":69,"column":1}},"line":64},"4":{"name":"resetKnowledgeIndex","decl":{"start":{"line":74,"column":16},"end":{"line":74,"column":35}},"loc":{"start":{"line":74,"column":38},"end":{"line":76,"column":1}},"line":74},"5":{"name":"getDocumentById","decl":{"start":{"line":83,"column":16},"end":{"line":83,"column":31}},"loc":{"start":{"line":83,"column":36},"end":{"line":85,"column":1}},"line":83},"6":{"name":"getDocumentsByCampground","decl":{"start":{"line":92,"column":16},"end":{"line":92,"column":40}},"loc":{"start":{"line":92,"column":55},"end":{"line":94,"column":1}},"line":92},"7":{"name":"getDocumentsByType","decl":{"start":{"line":101,"column":16},"end":{"line":101,"column":34}},"loc":{"start":{"line":101,"column":49},"end":{"line":103,"column":1}},"line":101},"8":{"name":"searchDocumentsByKeyword","decl":{"start":{"line":110,"column":16},"end":{"line":110,"column":40}},"loc":{"start":{"line":110,"column":50},"end":{"line":135,"column":1}},"line":110},"9":{"name":"(anonymous_9)","decl":{"start":{"line":134,"column":30},"end":{"line":134,"column":31}},"loc":{"start":{"line":134,"column":38},"end":{"line":134,"column":50}},"line":134},"10":{"name":"searchDocuments","decl":{"start":{"line":142,"column":16},"end":{"line":142,"column":31}},"loc":{"start":{"line":142,"column":91},"end":{"line":156,"column":1}},"line":142},"11":{"name":"(anonymous_11)","decl":{"start":{"line":148,"column":29},"end":{"line":148,"column":30}},"loc":{"start":{"line":148,"column":38},"end":{"line":148,"column":71}},"line":148},"12":{"name":"(anonymous_12)","decl":{"start":{"line":152,"column":29},"end":{"line":152,"column":30}},"loc":{"start":{"line":152,"column":38},"end":{"line":152,"column":71}},"line":152},"13":{"name":"getIndexedDocumentTypes","decl":{"start":{"line":162,"column":16},"end":{"line":162,"column":39}},"loc":{"start":{"line":162,"column":42},"end":{"line":166,"column":1}},"line":162},"14":{"name":"(anonymous_14)","decl":{"start":{"line":163,"column":41},"end":{"line":163,"column":42}},"loc":{"start":{"line":164,"column":4},"end":{"line":164,"column":40}},"line":164},"15":{"name":"getIndexStats","decl":{"start":{"line":172,"column":16},"end":{"line":172,"column":29}},"loc":{"start":{"line":172,"column":32},"end":{"line":179,"column":1}},"line":172}},"branchMap":{"0":{"loc":{"start":{"line":34,"column":4},"end":{"line":36,"column":5}},"type":"if","locations":[{"start":{"line":34,"column":4},"end":{"line":36,"column":5}},{"start":{},"end":{}}],"line":34},"1":{"loc":{"start":{"line":39,"column":4},"end":{"line":41,"column":5}},"type":"if","locations":[{"start":{"line":39,"column":4},"end":{"line":41,"column":5}},{"start":{},"end":{}}],"line":39},"2":{"loc":{"start":{"line":48,"column":6},"end":{"line":50,"column":7}},"type":"if","locations":[{"start":{"line":48,"column":6},"end":{"line":50,"column":7}},{"start":{},"end":{}}],"line":48},"3":{"loc":{"start":{"line":65,"column":2},"end":{"line":67,"column":3}},"type":"if","locations":[{"start":{"line":65,"column":2},"end":{"line":67,"column":3}},{"start":{},"end":{}}],"line":65},"4":{"loc":{"start":{"line":93,"column":9},"end":{"line":93,"column":65}},"type":"binary-expr","locations":[{"start":{"line":93,"column":9},"end":{"line":93,"column":59}},{"start":{"line":93,"column":63},"end":{"line":93,"column":65}}],"line":93},"5":{"loc":{"start":{"line":102,"column":9},"end":{"line":102,"column":59}},"type":"binary-expr","locations":[{"start":{"line":102,"column":9},"end":{"line":102,"column":53}},{"start":{"line":102,"column":57},"end":{"line":102,"column":59}}],"line":102},"6":{"loc":{"start":{"line":112,"column":2},"end":{"line":114,"column":3}},"type":"if","locations":[{"start":{"line":112,"column":2},"end":{"line":114,"column":3}},{"start":{},"end":{}}],"line":112},"7":{"loc":{"start":{"line":117,"column":2},"end":{"line":119,"column":3}},"type":"if","locations":[{"start":{"line":117,"column":2},"end":{"line":119,"column":3}},{"start":{},"end":{}}],"line":117},"8":{"loc":{"start":{"line":126,"column":6},"end":{"line":130,"column":7}},"type":"if","locations":[{"start":{"line":126,"column":6},"end":{"line":130,"column":7}},{"start":{},"end":{}}],"line":126},"9":{"loc":{"start":{"line":126,"column":10},"end":{"line":126,"column":66}},"type":"binary-expr","locations":[{"start":{"line":126,"column":10},"end":{"line":126,"column":36}},{"start":{"line":126,"column":40},"end":{"line":126,"column":66}}],"line":126},"10":{"loc":{"start":{"line":142,"column":32},"end":{"line":142,"column":89}},"type":"default-arg","locations":[{"start":{"line":142,"column":87},"end":{"line":142,"column":89}}],"line":142},"11":{"loc":{"start":{"line":142,"column":34},"end":{"line":142,"column":44}},"type":"default-arg","locations":[{"start":{"line":142,"column":42},"end":{"line":142,"column":44}}],"line":142},"12":{"loc":{"start":{"line":142,"column":46},"end":{"line":142,"column":63}},"type":"default-arg","locations":[{"start":{"line":142,"column":61},"end":{"line":142,"column":63}}],"line":142},"13":{"loc":{"start":{"line":142,"column":65},"end":{"line":142,"column":82}},"type":"default-arg","locations":[{"start":{"line":142,"column":80},"end":{"line":142,"column":82}}],"line":142},"14":{"loc":{"start":{"line":143,"column":16},"end":{"line":145,"column":35}},"type":"cond-expr","locations":[{"start":{"line":144,"column":6},"end":{"line":144,"column":37}},{"start":{"line":145,"column":6},"end":{"line":145,"column":35}}],"line":143},"15":{"loc":{"start":{"line":147,"column":2},"end":{"line":149,"column":3}},"type":"if","locations":[{"start":{"line":147,"column":2},"end":{"line":149,"column":3}},{"start":{},"end":{}}],"line":147},"16":{"loc":{"start":{"line":151,"column":2},"end":{"line":153,"column":3}},"type":"if","locations":[{"start":{"line":151,"column":2},"end":{"line":153,"column":3}},{"start":{},"end":{}}],"line":151}},"s":{"0":399,"1":28031,"2":10,"3":10,"4":10,"5":10,"6":10,"7":390,"8":390,"9":120,"10":390,"11":390,"12":40,"13":390,"14":390,"15":390,"16":390,"17":27280,"18":4670,"19":27280,"20":10,"21":3,"22":23,"23":9,"24":23,"25":8,"26":1,"27":1,"28":1,"29":9,"30":9,"31":0,"32":9,"33":9,"34":1,"35":8,"36":8,"37":8,"38":10,"39":4670,"40":42,"41":386,"42":8,"43":222,"44":10,"45":10,"46":1,"47":34,"48":10,"49":1,"50":3,"51":10,"52":0,"53":0,"54":1,"55":1},"f":{"0":399,"1":28031,"2":10,"3":23,"4":8,"5":1,"6":1,"7":1,"8":9,"9":222,"10":10,"11":34,"12":3,"13":0,"14":0,"15":1},"b":{"0":[120,270],"1":[40,350],"2":[4670,22610],"3":[9,14],"4":[1,0],"5":[1,0],"6":[0,9],"7":[1,8],"8":[42,4628],"9":[4670,4640],"10":[0],"11":[1],"12":[1],"13":[1],"14":[5,5],"15":[1,9],"16":[1,9]},"_coverageSchema":"1a1c01bbd47fc00a2c39e90264f33305004495a9","hash":"d4a2069983b5b7b8c42661514bd0ef0e840c421d"}
,"/workspace/src/data/knowledge/knowledgeRetrieval.js": {"path":"/workspace/src/data/knowledge/knowledgeRetrieval.js","statementMap":{"0":{"start":{"line":27,"column":14},"end":{"line":27,"column":15}},"1":{"start":{"line":28,"column":26},"end":{"line":28,"column":52}},"2":{"start":{"line":29,"column":22},"end":{"line":29,"column":66}},"3":{"start":{"line":31,"column":2},"end":{"line":33,"column":3}},"4":{"start":{"line":32,"column":4},"end":{"line":32,"column":16}},"5":{"start":{"line":35,"column":21},"end":{"line":35,"column":49}},"6":{"start":{"line":36,"column":23},"end":{"line":36,"column":53}},"7":{"start":{"line":38,"column":2},"end":{"line":48,"column":3}},"8":{"start":{"line":39,"column":4},"end":{"line":41,"column":5}},"9":{"start":{"line":40,"column":6},"end":{"line":40,"column":17}},"10":{"start":{"line":42,"column":4},"end":{"line":44,"column":5}},"11":{"start":{"line":43,"column":6},"end":{"line":43,"column":16}},"12":{"start":{"line":45,"column":4},"end":{"line":47,"column":5}},"13":{"start":{"line":46,"column":6},"end":{"line":46,"column":16}},"14":{"start":{"line":50,"column":2},"end":{"line":52,"column":3}},"15":{"start":{"line":51,"column":4},"end":{"line":51,"column":15}},"16":{"start":{"line":54,"column":2},"end":{"line":54,"column":14}},"17":{"start":{"line":63,"column":26},"end":{"line":63,"column":46}},"18":{"start":{"line":64,"column":16},"end":{"line":64,"column":35}},"19":{"start":{"line":66,"column":19},"end":{"line":68,"column":26}},"20":{"start":{"line":70,"column":2},"end":{"line":72,"column":3}},"21":{"start":{"line":71,"column":4},"end":{"line":71,"column":78}},"22":{"start":{"line":71,"column":44},"end":{"line":71,"column":77}},"23":{"start":{"line":74,"column":2},"end":{"line":76,"column":3}},"24":{"start":{"line":75,"column":4},"end":{"line":75,"column":78}},"25":{"start":{"line":75,"column":44},"end":{"line":75,"column":77}},"26":{"start":{"line":78,"column":18},"end":{"line":87,"column":4}},"27":{"start":{"line":79,"column":23},"end":{"line":79,"column":63}},"28":{"start":{"line":80,"column":4},"end":{"line":86,"column":5}},"29":{"start":{"line":89,"column":2},"end":{"line":89,"column":61}},"30":{"start":{"line":89,"column":25},"end":{"line":89,"column":60}},"31":{"start":{"line":91,"column":2},"end":{"line":91,"column":32}},"32":{"start":{"line":100,"column":2},"end":{"line":100,"column":67}},"33":{"start":{"line":109,"column":2},"end":{"line":109,"column":46}}},"fnMap":{"0":{"name":"scoreDocument","decl":{"start":{"line":26,"column":16},"end":{"line":26,"column":29}},"loc":{"start":{"line":26,"column":66},"end":{"line":55,"column":1}},"line":26},"1":{"name":"retrieveDocuments","decl":{"start":{"line":62,"column":16},"end":{"line":62,"column":33}},"loc":{"start":{"line":62,"column":100},"end":{"line":92,"column":1}},"line":62},"2":{"name":"(anonymous_2)","decl":{"start":{"line":71,"column":35},"end":{"line":71,"column":36}},"loc":{"start":{"line":71,"column":44},"end":{"line":71,"column":77}},"line":71},"3":{"name":"(anonymous_3)","decl":{"start":{"line":75,"column":35},"end":{"line":75,"column":36}},"loc":{"start":{"line":75,"column":44},"end":{"line":75,"column":77}},"line":75},"4":{"name":"(anonymous_4)","decl":{"start":{"line":78,"column":33},"end":{"line":78,"column":34}},"loc":{"start":{"line":78,"column":47},"end":{"line":87,"column":3}},"line":78},"5":{"name":"(anonymous_5)","decl":{"start":{"line":89,"column":15},"end":{"line":89,"column":16}},"loc":{"start":{"line":89,"column":25},"end":{"line":89,"column":60}},"line":89},"6":{"name":"retrieveByCampground","decl":{"start":{"line":99,"column":16},"end":{"line":99,"column":36}},"loc":{"start":{"line":99,"column":51},"end":{"line":101,"column":1}},"line":99},"7":{"name":"retrieveByKeyword","decl":{"start":{"line":108,"column":16},"end":{"line":108,"column":33}},"loc":{"start":{"line":108,"column":43},"end":{"line":110,"column":1}},"line":108}},"branchMap":{"0":{"loc":{"start":{"line":26,"column":47},"end":{"line":26,"column":64}},"type":"default-arg","locations":[{"start":{"line":26,"column":62},"end":{"line":26,"column":64}}],"line":26},"1":{"loc":{"start":{"line":31,"column":2},"end":{"line":33,"column":3}},"type":"if","locations":[{"start":{"line":31,"column":2},"end":{"line":33,"column":3}},{"start":{},"end":{}}],"line":31},"2":{"loc":{"start":{"line":31,"column":6},"end":{"line":31,"column":60}},"type":"binary-expr","locations":[{"start":{"line":31,"column":6},"end":{"line":31,"column":18}},{"start":{"line":31,"column":22},"end":{"line":31,"column":60}}],"line":31},"3":{"loc":{"start":{"line":39,"column":4},"end":{"line":41,"column":5}},"type":"if","locations":[{"start":{"line":39,"column":4},"end":{"line":41,"column":5}},{"start":{},"end":{}}],"line":39},"4":{"loc":{"start":{"line":42,"column":4},"end":{"line":44,"column":5}},"type":"if","locations":[{"start":{"line":42,"column":4},"end":{"line":44,"column":5}},{"start":{},"end":{}}],"line":42},"5":{"loc":{"start":{"line":45,"column":4},"end":{"line":47,"column":5}},"type":"if","locations":[{"start":{"line":45,"column":4},"end":{"line":47,"column":5}},{"start":{},"end":{}}],"line":45},"6":{"loc":{"start":{"line":50,"column":2},"end":{"line":52,"column":3}},"type":"if","locations":[{"start":{"line":50,"column":2},"end":{"line":52,"column":3}},{"start":{},"end":{}}],"line":50},"7":{"loc":{"start":{"line":50,"column":6},"end":{"line":50,"column":61}},"type":"binary-expr","locations":[{"start":{"line":50,"column":6},"end":{"line":50,"column":21}},{"start":{"line":50,"column":25},"end":{"line":50,"column":61}}],"line":50},"8":{"loc":{"start":{"line":62,"column":34},"end":{"line":62,"column":98}},"type":"default-arg","locations":[{"start":{"line":62,"column":96},"end":{"line":62,"column":98}}],"line":62},"9":{"loc":{"start":{"line":62,"column":43},"end":{"line":62,"column":60}},"type":"default-arg","locations":[{"start":{"line":62,"column":58},"end":{"line":62,"column":60}}],"line":62},"10":{"loc":{"start":{"line":62,"column":62},"end":{"line":62,"column":79}},"type":"default-arg","locations":[{"start":{"line":62,"column":77},"end":{"line":62,"column":79}}],"line":62},"11":{"loc":{"start":{"line":62,"column":81},"end":{"line":62,"column":91}},"type":"default-arg","locations":[{"start":{"line":62,"column":89},"end":{"line":62,"column":91}}],"line":62},"12":{"loc":{"start":{"line":63,"column":27},"end":{"line":63,"column":38}},"type":"binary-expr","locations":[{"start":{"line":63,"column":27},"end":{"line":63,"column":32}},{"start":{"line":63,"column":36},"end":{"line":63,"column":38}}],"line":63},"13":{"loc":{"start":{"line":66,"column":19},"end":{"line":68,"column":26}},"type":"cond-expr","locations":[{"start":{"line":67,"column":6},"end":{"line":67,"column":47}},{"start":{"line":68,"column":6},"end":{"line":68,"column":26}}],"line":66},"14":{"loc":{"start":{"line":70,"column":2},"end":{"line":72,"column":3}},"type":"if","locations":[{"start":{"line":70,"column":2},"end":{"line":72,"column":3}},{"start":{},"end":{}}],"line":70},"15":{"loc":{"start":{"line":74,"column":2},"end":{"line":76,"column":3}},"type":"if","locations":[{"start":{"line":74,"column":2},"end":{"line":76,"column":3}},{"start":{},"end":{}}],"line":74}},"s":{"0":107,"1":107,"2":107,"3":107,"4":9,"5":107,"6":107,"7":107,"8":69,"9":17,"10":69,"11":30,"12":69,"13":12,"14":107,"15":16,"16":107,"17":6,"18":6,"19":6,"20":6,"21":2,"22":77,"23":6,"24":1,"25":39,"26":6,"27":105,"28":105,"29":6,"30":231,"31":6,"32":1,"33":1},"f":{"0":107,"1":6,"2":77,"3":39,"4":105,"5":231,"6":1,"7":1},"b":{"0":[0],"1":[9,98],"2":[107,9],"3":[17,52],"4":[30,39],"5":[12,57],"6":[16,91],"7":[107,61],"8":[0],"9":[4],"10":[5],"11":[4],"12":[6,0],"13":[3,3],"14":[2,4],"15":[1,5]},"_coverageSchema":"1a1c01bbd47fc00a2c39e90264f33305004495a9","hash":"12b996ca6511561fb89e2a24376e9bb331e76253"}
,"/workspace/src/data/knowledge/campgrounds/bothe-napa-valley/description.js": {"path":"/workspace/src/data/knowledge/campgrounds/bothe-napa-valley/description.js","statementMap":{},"fnMap":{},"branchMap":{},"s":{},"f":{},"b":{},"_coverageSchema":"1a1c01bbd47fc00a2c39e90264f33305004495a9","hash":"540b7d25fe82de68a1a0a2a93cc29b42bf625c9f"}
,"/workspace/src/data/knowledge/campgrounds/bothe-napa-valley/reservation.js": {"path":"/workspace/src/data/knowledge/campgrounds/bothe-napa-valley/reservation.js","statementMap":{},"fnMap":{},"branchMap":{},"s":{},"f":{},"b":{},"_coverageSchema":"1a1c01bbd47fc00a2c39e90264f33305004495a9","hash":"a9af08f873a05ff557aebd13b570ed8ecc15b049"}
,"/workspace/src/data/knowledge/campgrounds/bothe-napa-valley/rules.js": {"path":"/workspace/src/data/knowledge/campgrounds/bothe-napa-valley/rules.js","statementMap":{},"fnMap":{},"branchMap":{},"s":{},"f":{},"b":{},"_coverageSchema":"1a1c01bbd47fc00a2c39e90264f33305004495a9","hash":"8ddb2e2df0fcfd7f747efc43102065d5b233b27b"}
,"/workspace/src/data/knowledge/campgrounds/donner-memorial/alert.js": {"path":"/workspace/src/data/knowledge/campgrounds/donner-memorial/alert.js","statementMap":{},"fnMap":{},"branchMap":{},"s":{},"f":{},"b":{},"_coverageSchema":"1a1c01bbd47fc00a2c39e90264f33305004495a9","hash":"382e8f585e0c52bda5b0c126ad05800fbc6bcfb9"}
,"/workspace/src/data/knowledge/campgrounds/donner-memorial/description.js": {"path":"/workspace/src/data/knowledge/campgrounds/donner-memorial/description.js","statementMap":{},"fnMap":{},"branchMap":{},"s":{},"f":{},"b":{},"_coverageSchema":"1a1c01bbd47fc00a2c39e90264f33305004495a9","hash":"6f5d7f5c2b218958a3677f101da0a284f8156b86"}
,"/workspace/src/data/knowledge/campgrounds/donner-memorial/reservation.js": {"path":"/workspace/src/data/knowledge/campgrounds/donner-memorial/reservation.js","statementMap":{},"fnMap":{},"branchMap":{},"s":{},"f":{},"b":{},"_coverageSchema":"1a1c01bbd47fc00a2c39e90264f33305004495a9","hash":"c4157b5d20c9f45f6ca6840c6696817d5be29a91"}
,"/workspace/src/data/knowledge/campgrounds/donner-memorial/rules.js": {"path":"/workspace/src/data/knowledge/campgrounds/donner-memorial/rules.js","statementMap":{},"fnMap":{},"branchMap":{},"s":{},"f":{},"b":{},"_coverageSchema":"1a1c01bbd47fc00a2c39e90264f33305004495a9","hash":"53ca86a6524a55902372689de6326df136806237"}
,"/workspace/src/data/knowledge/campgrounds/emerald-bay-eagle-point/description.js": {"path":"/workspace/src/data/knowledge/campgrounds/emerald-bay-eagle-point/description.js","statementMap":{},"fnMap":{},"branchMap":{},"s":{},"f":{},"b":{},"_coverageSchema":"1a1c01bbd47fc00a2c39e90264f33305004495a9","hash":"e63c0cc7892dff106cc360fc873c696b32828f7d"}
,"/workspace/src/data/knowledge/campgrounds/emerald-bay-eagle-point/reservation.js": {"path":"/workspace/src/data/knowledge/campgrounds/emerald-bay-eagle-point/reservation.js","statementMap":{},"fnMap":{},"branchMap":{},"s":{},"f":{},"b":{},"_coverageSchema":"1a1c01bbd47fc00a2c39e90264f33305004495a9","hash":"9afd22883bee385c8ab92eb15fd02ae122b3d916"}
,"/workspace/src/data/knowledge/campgrounds/emerald-bay-eagle-point/rules.js": {"path":"/workspace/src/data/knowledge/campgrounds/emerald-bay-eagle-point/rules.js","statementMap":{},"fnMap":{},"branchMap":{},"s":{},"f":{},"b":{},"_coverageSchema":"1a1c01bbd47fc00a2c39e90264f33305004495a9","hash":"38cffb1a62d38ca8396893255eb1ac0c8d6a1fe5"}
,"/workspace/src/data/knowledge/campgrounds/humboldt-redwoods-burlington/description.js": {"path":"/workspace/src/data/knowledge/campgrounds/humboldt-redwoods-burlington/description.js","statementMap":{},"fnMap":{},"branchMap":{},"s":{},"f":{},"b":{},"_coverageSchema":"1a1c01bbd47fc00a2c39e90264f33305004495a9","hash":"879384582f84c712bb5ae62119870949cfab6b2f"}
,"/workspace/src/data/knowledge/campgrounds/humboldt-redwoods-burlington/reservation.js": {"path":"/workspace/src/data/knowledge/campgrounds/humboldt-redwoods-burlington/reservation.js","statementMap":{},"fnMap":{},"branchMap":{},"s":{},"f":{},"b":{},"_coverageSchema":"1a1c01bbd47fc00a2c39e90264f33305004495a9","hash":"c0a37b7d0c465522a900cb568e387398f2087454"}
,"/workspace/src/data/knowledge/campgrounds/humboldt-redwoods-burlington/rules.js": {"path":"/workspace/src/data/knowledge/campgrounds/humboldt-redwoods-burlington/rules.js","statementMap":{},"fnMap":{},"branchMap":{},"s":{},"f":{},"b":{},"_coverageSchema":"1a1c01bbd47fc00a2c39e90264f33305004495a9","hash":"20b5c15f40af51dbd044db92ee32018801e32354"}
,"/workspace/src/data/knowledge/campgrounds/lassen-manzanita-lake/description.js": {"path":"/workspace/src/data/knowledge/campgrounds/lassen-manzanita-lake/description.js","statementMap":{},"fnMap":{},"branchMap":{},"s":{},"f":{},"b":{},"_coverageSchema":"1a1c01bbd47fc00a2c39e90264f33305004495a9","hash":"30f3b644dd4a7ebf90cde240d0dd64b2df9f88cd"}
,"/workspace/src/data/knowledge/campgrounds/lassen-manzanita-lake/reservation.js": {"path":"/workspace/src/data/knowledge/campgrounds/lassen-manzanita-lake/reservation.js","statementMap":{},"fnMap":{},"branchMap":{},"s":{},"f":{},"b":{},"_coverageSchema":"1a1c01bbd47fc00a2c39e90264f33305004495a9","hash":"cc63d47d37ffae5ebe7ffbcbc72113b86fd63698"}
,"/workspace/src/data/knowledge/campgrounds/lassen-manzanita-lake/rules.js": {"path":"/workspace/src/data/knowledge/campgrounds/lassen-manzanita-lake/rules.js","statementMap":{},"fnMap":{},"branchMap":{},"s":{},"f":{},"b":{},"_coverageSchema":"1a1c01bbd47fc00a2c39e90264f33305004495a9","hash":"d9fb6f5685eba04e0a5a72fc5eac315d45119fd2"}
,"/workspace/src/data/knowledge/campgrounds/mcarthur-burney-falls/alert.js": {"path":"/workspace/src/data/knowledge/campgrounds/mcarthur-burney-falls/alert.js","statementMap":{},"fnMap":{},"branchMap":{},"s":{},"f":{},"b":{},"_coverageSchema":"1a1c01bbd47fc00a2c39e90264f33305004495a9","hash":"75c709c3cf035cb3b45495606a99a0a16d0bd8ad"}
,"/workspace/src/data/knowledge/campgrounds/mcarthur-burney-falls/description.js": {"path":"/workspace/src/data/knowledge/campgrounds/mcarthur-burney-falls/description.js","statementMap":{},"fnMap":{},"branchMap":{},"s":{},"f":{},"b":{},"_coverageSchema":"1a1c01bbd47fc00a2c39e90264f33305004495a9","hash":"72a3a878380ddc91cd2cfdac23be3cfcc03c6797"}
,"/workspace/src/data/knowledge/campgrounds/mcarthur-burney-falls/reservation.js": {"path":"/workspace/src/data/knowledge/campgrounds/mcarthur-burney-falls/reservation.js","statementMap":{},"fnMap":{},"branchMap":{},"s":{},"f":{},"b":{},"_coverageSchema":"1a1c01bbd47fc00a2c39e90264f33305004495a9","hash":"c4061b2fe60618522160b5347997ee71015d0847"}
,"/workspace/src/data/knowledge/campgrounds/mcarthur-burney-falls/rules.js": {"path":"/workspace/src/data/knowledge/campgrounds/mcarthur-burney-falls/rules.js","statementMap":{},"fnMap":{},"branchMap":{},"s":{},"f":{},"b":{},"_coverageSchema":"1a1c01bbd47fc00a2c39e90264f33305004495a9","hash":"65d94ae0da7b454eba2d97d09d9c9d5db2361755"}
,"/workspace/src/data/knowledge/campgrounds/redwood-jedediah-smith/description.js": {"path":"/workspace/src/data/knowledge/campgrounds/redwood-jedediah-smith/description.js","statementMap":{},"fnMap":{},"branchMap":{},"s":{},"f":{},"b":{},"_coverageSchema":"1a1c01bbd47fc00a2c39e90264f33305004495a9","hash":"a733c2fbc9013f4329280db69dd8f64e1e78b78e"}
,"/workspace/src/data/knowledge/campgrounds/redwood-jedediah-smith/reservation.js": {"path":"/workspace/src/data/knowledge/campgrounds/redwood-jedediah-smith/reservation.js","statementMap":{},"fnMap":{},"branchMap":{},"s":{},"f":{},"b":{},"_coverageSchema":"1a1c01bbd47fc00a2c39e90264f33305004495a9","hash":"7f69a4ddfd201d2aa7cf9bdd623e5d7d0d0bb3c1"}
,"/workspace/src/data/knowledge/campgrounds/redwood-jedediah-smith/rules.js": {"path":"/workspace/src/data/knowledge/campgrounds/redwood-jedediah-smith/rules.js","statementMap":{},"fnMap":{},"branchMap":{},"s":{},"f":{},"b":{},"_coverageSchema":"1a1c01bbd47fc00a2c39e90264f33305004495a9","hash":"1a5a46430e41409ca82b06d7918dc053eb583fc6"}
,"/workspace/src/data/knowledge/campgrounds/samuel-p-taylor/description.js": {"path":"/workspace/src/data/knowledge/campgrounds/samuel-p-taylor/description.js","statementMap":{},"fnMap":{},"branchMap":{},"s":{},"f":{},"b":{},"_coverageSchema":"1a1c01bbd47fc00a2c39e90264f33305004495a9","hash":"508ea596c74040df4eca5e283e3f1f979f56bd93"}
,"/workspace/src/data/knowledge/campgrounds/samuel-p-taylor/reservation.js": {"path":"/workspace/src/data/knowledge/campgrounds/samuel-p-taylor/reservation.js","statementMap":{},"fnMap":{},"branchMap":{},"s":{},"f":{},"b":{},"_coverageSchema":"1a1c01bbd47fc00a2c39e90264f33305004495a9","hash":"2a2698973e42d24fb9246dcb1f8cd28315b17b68"}
,"/workspace/src/data/knowledge/campgrounds/samuel-p-taylor/rules.js": {"path":"/workspace/src/data/knowledge/campgrounds/samuel-p-taylor/rules.js","statementMap":{},"fnMap":{},"branchMap":{},"s":{},"f":{},"b":{},"_coverageSchema":"1a1c01bbd47fc00a2c39e90264f33305004495a9","hash":"b6e82e5c0738de799a26c60025b11c84c0f8da50"}
,"/workspace/src/data/knowledge/campgrounds/sonoma-coast-bodega-dunes/description.js": {"path":"/workspace/src/data/knowledge/campgrounds/sonoma-coast-bodega-dunes/description.js","statementMap":{},"fnMap":{},"branchMap":{},"s":{},"f":{},"b":{},"_coverageSchema":"1a1c01bbd47fc00a2c39e90264f33305004495a9","hash":"da35368b9ca141ebd5af89421fb08e445193a36f"}
,"/workspace/src/data/knowledge/campgrounds/sonoma-coast-bodega-dunes/reservation.js": {"path":"/workspace/src/data/knowledge/campgrounds/sonoma-coast-bodega-dunes/reservation.js","statementMap":{},"fnMap":{},"branchMap":{},"s":{},"f":{},"b":{},"_coverageSchema":"1a1c01bbd47fc00a2c39e90264f33305004495a9","hash":"90b8d34547f52b964d5b63ef595c39662ed4cff3"}
,"/workspace/src/data/knowledge/campgrounds/sonoma-coast-bodega-dunes/rules.js": {"path":"/workspace/src/data/knowledge/campgrounds/sonoma-coast-bodega-dunes/rules.js","statementMap":{},"fnMap":{},"branchMap":{},"s":{},"f":{},"b":{},"_coverageSchema":"1a1c01bbd47fc00a2c39e90264f33305004495a9","hash":"401e0ca7846244909286572c221f08bea4cba366"}
,"/workspace/src/data/knowledge/campgrounds/sugar-pine-point/description.js": {"path":"/workspace/src/data/knowledge/campgrounds/sugar-pine-point/description.js","statementMap":{},"fnMap":{},"branchMap":{},"s":{},"f":{},"b":{},"_coverageSchema":"1a1c01bbd47fc00a2c39e90264f33305004495a9","hash":"d496de8783165480e057015dbacbbe3e8a699ceb"}
,"/workspace/src/data/knowledge/campgrounds/sugar-pine-point/reservation.js": {"path":"/workspace/src/data/knowledge/campgrounds/sugar-pine-point/reservation.js","statementMap":{},"fnMap":{},"branchMap":{},"s":{},"f":{},"b":{},"_coverageSchema":"1a1c01bbd47fc00a2c39e90264f33305004495a9","hash":"0c660b2da9fdcf2898b2b09d8c0a6e03b3205ff9"}
,"/workspace/src/data/knowledge/campgrounds/sugar-pine-point/rules.js": {"path":"/workspace/src/data/knowledge/campgrounds/sugar-pine-point/rules.js","statementMap":{},"fnMap":{},"branchMap":{},"s":{},"f":{},"b":{},"_coverageSchema":"1a1c01bbd47fc00a2c39e90264f33305004495a9","hash":"c2627ea27ce07ecf0fc33deb4a0195e27eac36e6"}
,"/workspace/src/data/knowledge/campgrounds/van-damme-sp/description.js": {"path":"/workspace/src/data/knowledge/campgrounds/van-damme-sp/description.js","statementMap":{},"fnMap":{},"branchMap":{},"s":{},"f":{},"b":{},"_coverageSchema":"1a1c01bbd47fc00a2c39e90264f33305004495a9","hash":"f0c4d0e485ee2a17e8dcdb34a56baedeab3c0449"}
,"/workspace/src/data/knowledge/campgrounds/van-damme-sp/reservation.js": {"path":"/workspace/src/data/knowledge/campgrounds/van-damme-sp/reservation.js","statementMap":{},"fnMap":{},"branchMap":{},"s":{},"f":{},"b":{},"_coverageSchema":"1a1c01bbd47fc00a2c39e90264f33305004495a9","hash":"a8177f84ee2127f10d63fe668aed001556a81e02"}
,"/workspace/src/data/knowledge/campgrounds/van-damme-sp/rules.js": {"path":"/workspace/src/data/knowledge/campgrounds/van-damme-sp/rules.js","statementMap":{},"fnMap":{},"branchMap":{},"s":{},"f":{},"b":{},"_coverageSchema":"1a1c01bbd47fc00a2c39e90264f33305004495a9","hash":"ad48a033bd20c98b3e686c3e1b80f5078d1b958c"}
,"/workspace/src/data/knowledge/campgrounds/yosemite-upper-pines/alert.js": {"path":"/workspace/src/data/knowledge/campgrounds/yosemite-upper-pines/alert.js","statementMap":{},"fnMap":{},"branchMap":{},"s":{},"f":{},"b":{},"_coverageSchema":"1a1c01bbd47fc00a2c39e90264f33305004495a9","hash":"e53613777154dd9d8dfc2d005b00d75d3fe0fb03"}
,"/workspace/src/data/knowledge/campgrounds/yosemite-upper-pines/description.js": {"path":"/workspace/src/data/knowledge/campgrounds/yosemite-upper-pines/description.js","statementMap":{},"fnMap":{},"branchMap":{},"s":{},"f":{},"b":{},"_coverageSchema":"1a1c01bbd47fc00a2c39e90264f33305004495a9","hash":"2964cedf3c84d2112dbeded375cfb0cf462d2cf3"}
,"/workspace/src/data/knowledge/campgrounds/yosemite-upper-pines/reservation.js": {"path":"/workspace/src/data/knowledge/campgrounds/yosemite-upper-pines/reservation.js","statementMap":{},"fnMap":{},"branchMap":{},"s":{},"f":{},"b":{},"_coverageSchema":"1a1c01bbd47fc00a2c39e90264f33305004495a9","hash":"d81696e18aa530dc5c100bbfe2a668b2db8ac98d"}
,"/workspace/src/data/knowledge/campgrounds/yosemite-upper-pines/rules.js": {"path":"/workspace/src/data/knowledge/campgrounds/yosemite-upper-pines/rules.js","statementMap":{},"fnMap":{},"branchMap":{},"s":{},"f":{},"b":{},"_coverageSchema":"1a1c01bbd47fc00a2c39e90264f33305004495a9","hash":"cc50d3512a06fe05afd4559fde08cfe87bd0d9d1"}
,"/workspace/src/pages/CampgroundDetailPage.jsx": {"path":"/workspace/src/pages/CampgroundDetailPage.jsx","statementMap":{"0":{"start":{"line":8,"column":17},"end":{"line":8,"column":28}},"1":{"start":{"line":9,"column":21},"end":{"line":9,"column":42}},"2":{"start":{"line":11,"column":2},"end":{"line":21,"column":3}},"3":{"start":{"line":12,"column":4},"end":{"line":20,"column":5}},"4":{"start":{"line":23,"column":2},"end":{"line":109,"column":3}},"5":{"start":{"line":76,"column":12},"end":{"line":76,"column":38}},"6":{"start":{"line":85,"column":12},"end":{"line":85,"column":38}},"7":{"start":{"line":99,"column":12},"end":{"line":104,"column":19}}},"fnMap":{"0":{"name":"CampgroundDetailPage","decl":{"start":{"line":7,"column":24},"end":{"line":7,"column":44}},"loc":{"start":{"line":7,"column":47},"end":{"line":110,"column":1}},"line":7},"1":{"name":"(anonymous_1)","decl":{"start":{"line":75,"column":36},"end":{"line":75,"column":37}},"loc":{"start":{"line":76,"column":12},"end":{"line":76,"column":38}},"line":76},"2":{"name":"(anonymous_2)","decl":{"start":{"line":84,"column":32},"end":{"line":84,"column":33}},"loc":{"start":{"line":85,"column":12},"end":{"line":85,"column":38}},"line":85},"3":{"name":"(anonymous_3)","decl":{"start":{"line":98,"column":31},"end":{"line":98,"column":32}},"loc":{"start":{"line":99,"column":12},"end":{"line":104,"column":19}},"line":99}},"branchMap":{"0":{"loc":{"start":{"line":11,"column":2},"end":{"line":21,"column":3}},"type":"if","locations":[{"start":{"line":11,"column":2},"end":{"line":21,"column":3}},{"start":{},"end":{}}],"line":11}},"s":{"0":2,"1":2,"2":2,"3":1,"4":1,"5":4,"6":3,"7":3},"f":{"0":2,"1":4,"2":3,"3":3},"b":{"0":[1,1]},"_coverageSchema":"1a1c01bbd47fc00a2c39e90264f33305004495a9","hash":"dfe534f24f2361522bc31ccd0f3b6c7cea21794d"}
,"/workspace/src/pages/CampgroundsPage.jsx": {"path":"/workspace/src/pages/CampgroundsPage.jsx","statementMap":{"0":{"start":{"line":13,"column":28},"end":{"line":13,"column":40}},"1":{"start":{"line":14,"column":30},"end":{"line":14,"column":42}},"2":{"start":{"line":15,"column":32},"end":{"line":15,"column":44}},"3":{"start":{"line":16,"column":24},"end":{"line":16,"column":36}},"4":{"start":{"line":18,"column":18},"end":{"line":18,"column":52}},"5":{"start":{"line":18,"column":32},"end":{"line":18,"column":47}},"6":{"start":{"line":19,"column":20},"end":{"line":19,"column":56}},"7":{"start":{"line":19,"column":34},"end":{"line":19,"column":51}},"8":{"start":{"line":20,"column":15},"end":{"line":20,"column":46}},"9":{"start":{"line":20,"column":29},"end":{"line":20,"column":41}},"10":{"start":{"line":22,"column":18},"end":{"line":25,"column":3}},"11":{"start":{"line":23,"column":10},"end":{"line":23,"column":60}},"12":{"start":{"line":27,"column":2},"end":{"line":58,"column":3}}},"fnMap":{"0":{"name":"CampgroundsPage","decl":{"start":{"line":12,"column":24},"end":{"line":12,"column":39}},"loc":{"start":{"line":12,"column":42},"end":{"line":59,"column":1}},"line":12},"1":{"name":"(anonymous_1)","decl":{"start":{"line":18,"column":26},"end":{"line":18,"column":27}},"loc":{"start":{"line":18,"column":32},"end":{"line":18,"column":47}},"line":18},"2":{"name":"(anonymous_2)","decl":{"start":{"line":19,"column":28},"end":{"line":19,"column":29}},"loc":{"start":{"line":19,"column":34},"end":{"line":19,"column":51}},"line":19},"3":{"name":"(anonymous_3)","decl":{"start":{"line":20,"column":23},"end":{"line":20,"column":24}},"loc":{"start":{"line":20,"column":29},"end":{"line":20,"column":41}},"line":20},"4":{"name":"(anonymous_4)","decl":{"start":{"line":23,"column":4},"end":{"line":23,"column":5}},"loc":{"start":{"line":23,"column":10},"end":{"line":23,"column":60}},"line":23}},"branchMap":{"0":{"loc":{"start":{"line":53,"column":44},"end":{"line":53,"column":75}},"type":"cond-expr","locations":[{"start":{"line":53,"column":67},"end":{"line":53,"column":70}},{"start":{"line":53,"column":73},"end":{"line":53,"column":75}}],"line":53}},"s":{"0":10,"1":10,"2":10,"3":10,"4":10,"5":2,"6":10,"7":2,"8":10,"9":2,"10":10,"11":10,"12":10},"f":{"0":10,"1":2,"2":2,"3":2,"4":10},"b":{"0":[4,6]},"_coverageSchema":"1a1c01bbd47fc00a2c39e90264f33305004495a9","hash":"6c41f880315a587e7ad4c632e7c5485b6861b37a"}
,"/workspace/src/pages/DashboardPage.jsx": {"path":"/workspace/src/pages/DashboardPage.jsx","statementMap":{"0":{"start":{"line":7,"column":16},"end":{"line":11,"column":3}},"1":{"start":{"line":13,"column":2},"end":{"line":47,"column":3}},"2":{"start":{"line":34,"column":10},"end":{"line":43,"column":16}}},"fnMap":{"0":{"name":"DashboardPage","decl":{"start":{"line":5,"column":24},"end":{"line":5,"column":37}},"loc":{"start":{"line":5,"column":40},"end":{"line":48,"column":1}},"line":5},"1":{"name":"(anonymous_1)","decl":{"start":{"line":33,"column":19},"end":{"line":33,"column":20}},"loc":{"start":{"line":34,"column":10},"end":{"line":43,"column":16}},"line":34}},"branchMap":{},"s":{"0":1,"1":1,"2":3},"f":{"0":1,"1":3},"b":{},"_coverageSchema":"1a1c01bbd47fc00a2c39e90264f33305004495a9","hash":"da5b96c603ccbd0a022f3ec13e1be5d897d7e002"}
,"/workspace/src/pages/KnowledgePage.jsx": {"path":"/workspace/src/pages/KnowledgePage.jsx","statementMap":{"0":{"start":{"line":8,"column":28},"end":{"line":8,"column":40}},"1":{"start":{"line":9,"column":42},"end":{"line":9,"column":54}},"2":{"start":{"line":10,"column":42},"end":{"line":10,"column":54}},"3":{"start":{"line":12,"column":24},"end":{"line":12,"column":70}},"4":{"start":{"line":12,"column":38},"end":{"line":12,"column":65}},"5":{"start":{"line":14,"column":18},"end":{"line":17,"column":3}},"6":{"start":{"line":15,"column":10},"end":{"line":15,"column":64}},"7":{"start":{"line":19,"column":2},"end":{"line":52,"column":3}},"8":{"start":{"line":47,"column":12},"end":{"line":47,"column":75}}},"fnMap":{"0":{"name":"KnowledgePage","decl":{"start":{"line":7,"column":24},"end":{"line":7,"column":37}},"loc":{"start":{"line":7,"column":40},"end":{"line":53,"column":1}},"line":7},"1":{"name":"(anonymous_1)","decl":{"start":{"line":12,"column":32},"end":{"line":12,"column":33}},"loc":{"start":{"line":12,"column":38},"end":{"line":12,"column":65}},"line":12},"2":{"name":"(anonymous_2)","decl":{"start":{"line":15,"column":4},"end":{"line":15,"column":5}},"loc":{"start":{"line":15,"column":10},"end":{"line":15,"column":64}},"line":15},"3":{"name":"(anonymous_3)","decl":{"start":{"line":46,"column":23},"end":{"line":46,"column":24}},"loc":{"start":{"line":47,"column":12},"end":{"line":47,"column":75}},"line":47}},"branchMap":{"0":{"loc":{"start":{"line":39,"column":42},"end":{"line":39,"column":73}},"type":"cond-expr","locations":[{"start":{"line":39,"column":65},"end":{"line":39,"column":68}},{"start":{"line":39,"column":71},"end":{"line":39,"column":73}}],"line":39},"1":{"loc":{"start":{"line":42,"column":7},"end":{"line":50,"column":7}},"type":"cond-expr","locations":[{"start":{"line":43,"column":8},"end":{"line":43,"column":73}},{"start":{"line":45,"column":8},"end":{"line":49,"column":14}}],"line":42}},"s":{"0":8,"1":8,"2":8,"3":8,"4":4,"5":8,"6":8,"7":8,"8":230},"f":{"0":8,"1":4,"2":8,"3":230},"b":{"0":[8,0],"1":[1,7]},"_coverageSchema":"1a1c01bbd47fc00a2c39e90264f33305004495a9","hash":"f8897e4d8209d053c3cfbafe2c058e4fb0e0f961"}
,"/workspace/src/pages/SettingsPage.jsx": {"path":"/workspace/src/pages/SettingsPage.jsx","statementMap":{"0":{"start":{"line":4,"column":2},"end":{"line":11,"column":3}}},"fnMap":{"0":{"name":"SettingsPage","decl":{"start":{"line":3,"column":24},"end":{"line":3,"column":36}},"loc":{"start":{"line":3,"column":39},"end":{"line":12,"column":1}},"line":3}},"branchMap":{},"s":{"0":1},"f":{"0":1},"b":{},"_coverageSchema":"1a1c01bbd47fc00a2c39e90264f33305004495a9","hash":"e21383813fe254769f7f4cbd792e59fc91841f81"}
,"/workspace/src/store/useAppStore.js": {"path":"/workspace/src/store/useAppStore.js","statementMap":{"0":{"start":{"line":4,"column":27},"end":{"line":28,"column":3}},"1":{"start":{"line":4,"column":42},"end":{"line":28,"column":1}},"2":{"start":{"line":10,"column":25},"end":{"line":10,"column":40}},"3":{"start":{"line":13,"column":4},"end":{"line":13,"column":30}},"4":{"start":{"line":14,"column":4},"end":{"line":24,"column":5}},"5":{"start":{"line":15,"column":19},"end":{"line":15,"column":36}},"6":{"start":{"line":16,"column":6},"end":{"line":21,"column":8}},"7":{"start":{"line":18,"column":38},"end":{"line":18,"column":59}},"8":{"start":{"line":19,"column":37},"end":{"line":19,"column":61}},"9":{"start":{"line":23,"column":6},"end":{"line":23,"column":30}}},"fnMap":{"0":{"name":"(anonymous_0)","decl":{"start":{"line":4,"column":34},"end":{"line":4,"column":35}},"loc":{"start":{"line":4,"column":42},"end":{"line":28,"column":1}},"line":4},"1":{"name":"(anonymous_1)","decl":{"start":{"line":10,"column":13},"end":{"line":10,"column":14}},"loc":{"start":{"line":10,"column":25},"end":{"line":10,"column":40}},"line":10},"2":{"name":"(anonymous_2)","decl":{"start":{"line":12,"column":12},"end":{"line":12,"column":13}},"loc":{"start":{"line":12,"column":24},"end":{"line":25,"column":3}},"line":12},"3":{"name":"(anonymous_3)","decl":{"start":{"line":18,"column":33},"end":{"line":18,"column":34}},"loc":{"start":{"line":18,"column":38},"end":{"line":18,"column":59}},"line":18},"4":{"name":"(anonymous_4)","decl":{"start":{"line":19,"column":32},"end":{"line":19,"column":33}},"loc":{"start":{"line":19,"column":37},"end":{"line":19,"column":61}},"line":19}},"branchMap":{},"s":{"0":4,"1":4,"2":0,"3":1,"4":1,"5":1,"6":1,"7":2,"8":2,"9":0},"f":{"0":4,"1":0,"2":1,"3":2,"4":2},"b":{},"_coverageSchema":"1a1c01bbd47fc00a2c39e90264f33305004495a9","hash":"9b95e909f2c098b9b90c04bc4a37b5afacab4ab3"}
}
