TN:
SF:src/App.jsx
FN:11,App
FNF:1
FNH:0
FNDA:0,App
DA:9,0
DA:12,0
LF:2
LH:0
BRDA:13,0,0,0
BRDA:13,0,1,0
BRF:2
BRH:0
end_of_record
TN:
SF:src/Index.jsx
FNF:0
FNH:0
DA:6,0
DA:7,0
LF:2
LH:0
BRF:0
BRH:0
end_of_record
TN:
SF:src/api/jobsClient.js
FNF:0
FNH:0
DA:6,2
DA:9,2
LF:2
LH:2
BRDA:6,0,0,2
BRDA:6,0,1,1
BRDA:9,1,0,1
BRDA:9,1,1,1
BRF:4
BRH:4
end_of_record
TN:
SF:src/api/prismaJobsClient.js
FN:4,(anonymous_0)
FN:8,(anonymous_1)
FN:12,(anonymous_2)
FNF:3
FNH:2
FNDA:1,(anonymous_0)
FNDA:1,(anonymous_1)
FNDA:0,(anonymous_2)
DA:3,1
DA:6,1
DA:10,1
LF:3
LH:3
BRF:0
BRH:0
end_of_record
TN:
SF:src/api/supabaseClient.js
FNF:0
FNH:0
DA:5,5
DA:6,5
DA:8,5
LF:3
LH:3
BRF:0
BRH:0
end_of_record
TN:
SF:src/api/supabaseJobsClient.js
FN:4,fetchJobs
FNF:1
FNH:1
FNDA:1,fetchJobs
DA:5,1
DA:6,1
DA:7,1
DA:8,1
LF:4
LH:4
BRDA:7,0,0,0
BRDA:7,0,1,1
BRDA:8,1,0,1
BRDA:8,1,1,0
BRF:4
BRH:2
end_of_record
TN:
SF:src/components/ActivateSearchButton.jsx
FN:4,ActivateSearchButton
FN:5,(anonymous_1)
FN:9,(anonymous_2)
FNF:3
FNH:2
FNDA:1,ActivateSearchButton
FNDA:1,(anonymous_1)
FNDA:0,(anonymous_2)
DA:5,1
DA:7,1
DA:9,0
LF:3
LH:2
BRF:0
BRH:0
end_of_record
TN:
SF:src/components/AppShell.jsx
FN:5,AppShell
FN:22,(anonymous_1)
FN:33,(anonymous_2)
FN:44,(anonymous_3)
FNF:4
FNH:4
FNDA:1,AppShell
FNDA:1,(anonymous_1)
FNDA:1,(anonymous_2)
FNDA:1,(anonymous_3)
DA:6,1
DA:23,1
DA:34,1
DA:45,1
LF:4
LH:4
BRDA:24,0,0,0
BRDA:24,0,1,1
BRDA:35,1,0,0
BRDA:35,1,1,1
BRDA:46,2,0,0
BRDA:46,2,1,1
BRF:6
BRH:3
end_of_record
TN:
SF:src/components/AvailabilityNotice.jsx
FN:4,AvailabilityNotice
FNF:1
FNH:1
FNDA:113,AvailabilityNotice
DA:5,113
DA:6,98
DA:14,15
LF:3
LH:3
BRDA:4,0,0,15
BRDA:5,1,0,98
BRDA:5,1,1,15
BRF:3
BRH:3
end_of_record
TN:
SF:src/components/CampgroundCard.jsx
FN:7,CampgroundCard
FN:25,(anonymous_1)
FNF:2
FNH:2
FNDA:97,CampgroundCard
FNDA:291,(anonymous_1)
DA:8,97
DA:26,291
LF:2
LH:2
BRF:0
BRH:0
end_of_record
TN:
SF:src/components/CampgroundFilters.jsx
FN:19,CampgroundFilters
FN:35,toggleAmenity
FN:37,(anonymous_2)
FN:51,(anonymous_3)
FN:64,(anonymous_4)
FN:69,(anonymous_5)
FN:85,(anonymous_6)
FN:93,(anonymous_7)
FN:103,(anonymous_8)
FN:117,(anonymous_9)
FN:122,(anonymous_10)
FNF:11
FNH:7
FNDA:13,CampgroundFilters
FNDA:2,toggleAmenity
FNDA:0,(anonymous_2)
FNDA:8,(anonymous_3)
FNDA:0,(anonymous_4)
FNDA:221,(anonymous_5)
FNDA:403,(anonymous_6)
FNDA:2,(anonymous_7)
FNDA:0,(anonymous_8)
FNDA:0,(anonymous_9)
FNDA:234,(anonymous_10)
DA:33,13
DA:36,2
DA:37,0
DA:39,2
DA:43,13
DA:51,8
DA:64,0
DA:70,221
DA:86,403
DA:93,2
DA:103,0
DA:117,0
DA:123,234
LF:13
LH:9
BRDA:36,0,0,0
BRDA:36,0,1,2
BRDA:100,1,0,13
BRDA:100,1,1,2
BRF:4
BRH:3
end_of_record
TN:
SF:src/components/CampgroundList.jsx
FN:5,CampgroundList
FN:16,(anonymous_1)
FNF:2
FNH:2
FNDA:13,CampgroundList
FNDA:96,(anonymous_1)
DA:6,13
DA:7,0
DA:14,13
DA:17,96
LF:4
LH:3
BRDA:6,0,0,0
BRDA:6,0,1,13
BRF:2
BRH:1
end_of_record
TN:
SF:src/components/JobsTable.jsx
FN:4,JobsTable
FN:7,(anonymous_1)
FN:8,(anonymous_2)
FN:20,(anonymous_3)
FNF:4
FNH:4
FNDA:2,JobsTable
FNDA:1,(anonymous_1)
FNDA:1,(anonymous_2)
FNDA:2,(anonymous_3)
DA:5,2
DA:7,2
DA:8,1
DA:9,1
DA:10,1
DA:13,1
DA:16,2
DA:21,2
LF:8
LH:8
BRF:0
BRH:0
end_of_record
TN:
SF:src/components/QueueListPanel.jsx
FN:5,QueueListPanel
FN:6,(anonymous_1)
FN:11,(anonymous_2)
FNF:3
FNH:3
FNDA:1,QueueListPanel
FNDA:1,(anonymous_1)
FNDA:2,(anonymous_2)
DA:6,1
DA:7,1
DA:12,2
LF:3
LH:3
BRF:0
BRH:0
end_of_record
TN:
SF:src/components/RetrievalContextPreview.jsx
FN:10,RetrievalContextPreview
FNF:1
FNH:1
FNDA:34,RetrievalContextPreview
DA:11,34
DA:12,32
DA:23,2
LF:3
LH:3
BRDA:11,0,0,32
BRDA:11,0,1,2
BRDA:28,1,0,2
BRDA:28,1,1,0
BRF:4
BRH:3
end_of_record
TN:
SF:src/components/RetrievalFilters.jsx
FN:18,RetrievalFilters
FN:32,handleSubmit
FN:50,(anonymous_2)
FN:66,(anonymous_3)
FN:71,(anonymous_4)
FN:85,(anonymous_5)
FN:90,(anonymous_6)
FNF:7
FNH:5
FNDA:34,RetrievalFilters
FNDA:2,handleSubmit
FNDA:29,(anonymous_2)
FNDA:0,(anonymous_3)
FNDA:408,(anonymous_4)
FNDA:0,(anonymous_5)
FNDA:136,(anonymous_6)
DA:30,34
DA:33,2
DA:34,2
DA:37,34
DA:50,29
DA:66,0
DA:72,408
DA:85,0
DA:91,136
LF:9
LH:7
BRF:0
BRH:0
end_of_record
TN:
SF:src/components/RetrievalResultCard.jsx
FN:8,RetrievalResultCard
FNF:1
FNH:1
FNDA:10,RetrievalResultCard
DA:9,10
DA:10,10
DA:12,10
LF:3
LH:3
BRDA:21,0,0,10
BRDA:21,0,1,10
BRF:2
BRH:2
end_of_record
TN:
SF:src/components/SearchStatusBanner.jsx
FN:5,SearchStatusBanner
FN:6,(anonymous_1)
FN:7,(anonymous_2)
FN:17,(anonymous_3)
FNF:4
FNH:3
FNDA:1,SearchStatusBanner
FNDA:1,(anonymous_1)
FNDA:1,(anonymous_2)
FNDA:0,(anonymous_3)
DA:6,1
DA:7,1
DA:9,1
DA:10,0
DA:12,1
DA:17,0
LF:6
LH:4
BRDA:9,0,0,0
BRDA:9,0,1,1
BRF:2
BRH:1
end_of_record
TN:
SF:src/components/StatusCard.jsx
FN:3,StatusCard
FNF:1
FNH:1
FNDA:1,StatusCard
DA:4,1
LF:1
LH:1
BRDA:11,0,0,1
BRDA:11,0,1,1
BRF:2
BRH:2
end_of_record
TN:
SF:src/components/StatusCards.jsx
FN:5,StatusCards
FN:10,(anonymous_1)
FN:14,(anonymous_2)
FNF:3
FNH:2
FNDA:1,StatusCards
FNDA:1,(anonymous_1)
FNDA:0,(anonymous_2)
DA:6,1
DA:8,1
DA:11,1
DA:14,0
LF:4
LH:3
BRF:0
BRH:0
end_of_record
TN:
SF:src/components/ToastBanner.jsx
FN:4,ToastBanner
FN:5,(anonymous_1)
FN:8,(anonymous_2)
FNF:3
FNH:3
FNDA:1,ToastBanner
FNDA:1,(anonymous_1)
FNDA:1,(anonymous_2)
DA:5,1
DA:6,1
DA:7,1
DA:8,1
DA:12,1
LF:5
LH:5
BRDA:4,0,0,0
BRDA:6,1,0,1
BRDA:6,1,1,0
BRDA:14,2,0,1
BRDA:14,2,1,1
BRF:5
BRH:3
end_of_record
TN:
SF:src/data/campgroundData.js
FN:5,getAllCampgrounds
FN:10,getCampgroundById
FN:11,(anonymous_2)
FN:15,getAllRegions
FN:16,(anonymous_4)
FN:20,getAllAmenities
FN:21,(anonymous_6)
FN:26,getAllTags
FN:27,(anonymous_8)
FN:40,searchCampgrounds
FN:44,(anonymous_10)
FN:48,(anonymous_11)
FNF:12
FNH:12
FNDA:227,getAllCampgrounds
FNDA:186,getCampgroundById
FNDA:1807,(anonymous_2)
FNDA:5,getAllRegions
FNDA:100,(anonymous_4)
FNDA:6,getAllAmenities
FNDA:120,(anonymous_6)
FNDA:5,getAllTags
FNDA:100,(anonymous_8)
FNDA:21,searchCampgrounds
FNDA:420,(anonymous_10)
FNDA:159,(anonymous_11)
DA:6,227
DA:11,1807
DA:16,100
DA:21,120
DA:22,6
DA:27,100
DA:28,5
DA:41,21
DA:42,21
DA:44,21
DA:45,420
DA:46,401
DA:48,159
DA:50,74
DA:52,327
DA:54,305
DA:56,196
DA:66,196
LF:18
LH:18
BRDA:11,0,0,186
BRDA:11,0,1,2
BRDA:40,1,0,0
BRDA:40,2,0,6
BRDA:40,3,0,7
BRDA:40,4,0,4
BRDA:40,5,0,6
BRDA:45,6,0,19
BRDA:45,6,1,401
BRDA:45,7,0,420
BRDA:45,7,1,20
BRDA:46,8,0,74
BRDA:46,8,1,327
BRDA:47,9,0,401
BRDA:47,9,1,100
BRDA:52,10,0,22
BRDA:52,10,1,305
BRDA:52,11,0,327
BRDA:52,11,1,40
BRDA:54,12,0,109
BRDA:54,12,1,196
BRF:21
BRH:20
end_of_record
TN:
SF:src/data/campgroundSchema.js
FN:42,isValidCampground
FNF:1
FNH:1
FNDA:4563,isValidCampground
DA:8,7
DA:43,4563
DA:45,4563
DA:46,4563
DA:47,36500
DA:48,1
DA:52,4562
DA:53,4562
DA:54,13686
DA:57,4562
DA:58,4562
DA:59,4561
DA:61,1
DA:64,4561
LF:14
LH:14
BRDA:43,0,0,0
BRDA:43,0,1,4563
BRDA:43,1,0,4563
BRDA:43,1,1,4563
BRDA:47,2,0,1
BRDA:47,2,1,36499
BRDA:47,3,0,36500
BRDA:47,3,1,36500
BRDA:54,4,0,0
BRDA:54,4,1,13686
BRF:10
BRH:8
end_of_record
TN:
SF:src/data/campgrounds.js
FNF:0
FNH:0
DA:8,8
LF:1
LH:1
BRF:0
BRH:0
end_of_record
TN:
SF:src/data/knowledgeSchema.js
FN:47,isValidKnowledgeDocument
FN:85,getDocumentTypeLabel
FNF:2
FNH:2
FNDA:784,isValidKnowledgeDocument
FNDA:162,getDocumentTypeLabel
DA:8,5
DA:15,5
DA:48,784
DA:50,784
DA:61,784
DA:62,6269
DA:63,1
DA:67,783
DA:68,1
DA:71,782
DA:72,782
DA:74,1
DA:77,781
DA:86,162
DA:93,162
LF:15
LH:15
BRDA:48,0,0,0
BRDA:48,0,1,784
BRDA:48,1,0,784
BRDA:48,1,1,784
BRDA:62,2,0,1
BRDA:62,2,1,6268
BRDA:62,3,0,6269
BRDA:62,3,1,6269
BRDA:67,4,0,1
BRDA:67,4,1,782
BRDA:93,5,0,162
BRDA:93,5,1,0
BRF:12
BRH:10
end_of_record
TN:
SF:src/data/knowledge/documents.js
FN:106,getAllKnowledgeDocuments
FN:107,(anonymous_1)
FN:120,getKnowledgeCampgroundIds
FN:121,(anonymous_3)
FNF:4
FNH:4
FNDA:19,getAllKnowledgeDocuments
FNDA:741,(anonymous_1)
FNDA:3,getKnowledgeCampgroundIds
FNDA:117,(anonymous_3)
DA:60,5
DA:107,19
DA:108,741
DA:109,0
DA:110,0
DA:112,741
DA:121,117
LF:7
LH:5
BRDA:108,0,0,0
BRDA:108,0,1,741
BRDA:109,1,0,0
BRDA:109,1,1,0
BRF:4
BRH:1
end_of_record
TN:
SF:src/data/knowledge/knowledgeIndex.js
FN:14,tokenize
FN:18,(anonymous_1)
FN:25,buildKnowledgeIndex
FN:64,getKnowledgeIndex
FN:74,resetKnowledgeIndex
FN:83,getDocumentById
FN:92,getDocumentsByCampground
FN:101,getDocumentsByType
FN:110,searchDocumentsByKeyword
FN:134,(anonymous_9)
FN:142,searchDocuments
FN:148,(anonymous_11)
FN:152,(anonymous_12)
FN:162,getIndexedDocumentTypes
FN:163,(anonymous_14)
FN:172,getIndexStats
FNF:16
FNH:16
FNDA:437,tokenize
FNDA:30834,(anonymous_1)
FNDA:11,buildKnowledgeIndex
FNDA:34,getKnowledgeIndex
FNDA:8,resetKnowledgeIndex
FNDA:1,getDocumentById
FNDA:1,getDocumentsByCampground
FNDA:1,getDocumentsByType
FNDA:8,searchDocumentsByKeyword
FNDA:207,(anonymous_9)
FNDA:2,searchDocuments
FNDA:34,(anonymous_11)
FNDA:3,(anonymous_12)
FNDA:3,getIndexedDocumentTypes
FNDA:12,(anonymous_14)
FNDA:1,getIndexStats
DA:15,437
DA:18,30834
DA:26,11
DA:27,11
DA:28,11
DA:29,11
DA:31,11
DA:32,429
DA:34,429
DA:35,132
DA:37,429
DA:39,429
DA:40,44
DA:42,429
DA:44,429
DA:45,429
DA:47,429
DA:48,30008
DA:49,5137
DA:51,30008
DA:55,11
DA:58,4
DA:65,34
DA:66,10
DA:68,34
DA:75,8
DA:84,1
DA:93,1
DA:102,1
DA:111,8
DA:112,8
DA:113,0
DA:116,8
DA:117,8
DA:118,0
DA:121,8
DA:122,8
DA:124,8
DA:125,12
DA:126,5604
DA:127,33
DA:128,403
DA:134,207
DA:143,2
DA:147,2
DA:148,34
DA:151,2
DA:152,3
DA:155,2
DA:163,3
DA:164,12
DA:173,1
DA:174,1
LF:53
LH:51
BRDA:34,0,0,132
BRDA:34,0,1,297
BRDA:39,1,0,44
BRDA:39,1,1,385
BRDA:48,2,0,5137
BRDA:48,2,1,24871
BRDA:65,3,0,10
BRDA:65,3,1,24
BRDA:93,4,0,1
BRDA:93,4,1,0
BRDA:102,5,0,1
BRDA:102,5,1,0
BRDA:112,6,0,0
BRDA:112,6,1,8
BRDA:117,7,0,0
BRDA:117,7,1,8
BRDA:126,8,0,33
BRDA:126,8,1,5571
BRDA:126,9,0,5604
BRDA:126,9,1,5586
BRDA:142,10,0,0
BRDA:142,11,0,1
BRDA:142,12,0,1
BRDA:142,13,0,1
BRDA:143,14,0,1
BRDA:143,14,1,1
BRDA:147,15,0,1
BRDA:147,15,1,1
BRDA:151,16,0,1
BRDA:151,16,1,1
BRF:30
BRH:25
end_of_record
TN:
SF:src/data/knowledge/knowledgeRetrieval.js
FN:26,scoreDocument
FN:62,retrieveDocuments
FN:71,(anonymous_2)
FN:75,(anonymous_3)
FN:78,(anonymous_4)
FN:89,(anonymous_5)
FN:99,retrieveByCampground
FN:108,retrieveByKeyword
FNF:8
FNH:8
FNDA:148,scoreDocument
FNDA:9,retrieveDocuments
FNDA:98,(anonymous_2)
FNDA:39,(anonymous_3)
FNDA:146,(anonymous_4)
FNDA:372,(anonymous_5)
FNDA:1,retrieveByCampground
FNDA:1,retrieveByKeyword
DA:27,148
DA:28,148
DA:29,148
DA:31,148
DA:32,12
DA:35,148
DA:36,148
DA:38,148
DA:39,186
DA:40,20
DA:42,186
DA:43,57
DA:45,186
DA:46,12
DA:50,148
DA:51,17
DA:54,148
DA:63,9
DA:64,9
DA:66,9
DA:70,9
DA:71,98
DA:74,9
DA:75,39
DA:78,9
DA:79,146
DA:80,146
DA:89,372
DA:91,9
DA:100,1
DA:109,1
LF:31
LH:31
BRDA:26,0,0,0
BRDA:31,1,0,12
BRDA:31,1,1,136
BRDA:31,2,0,148
BRDA:31,2,1,12
BRDA:39,3,0,20
BRDA:39,3,1,166
BRDA:42,4,0,57
BRDA:42,4,1,129
BRDA:45,5,0,12
BRDA:45,5,1,174
BRDA:50,6,0,17
BRDA:50,6,1,131
BRDA:50,7,0,148
BRDA:50,7,1,102
BRDA:62,8,0,0
BRDA:62,9,0,4
BRDA:62,10,0,6
BRDA:62,11,0,4
BRDA:63,12,0,9
BRDA:63,12,1,0
BRDA:66,13,0,6
BRDA:66,13,1,3
BRDA:70,14,0,3
BRDA:70,14,1,6
BRDA:74,15,0,1
BRDA:74,15,1,8
BRF:27
BRH:24
end_of_record
TN:
SF:src/data/knowledge/retrievalContext.js
FN:35,buildRetrievalContext
FN:38,(anonymous_1)
FN:58,(anonymous_2)
FN:79,(anonymous_3)
FNF:4
FNH:4
FNDA:5,buildRetrievalContext
FNDA:12,(anonymous_1)
FNDA:12,(anonymous_2)
FNDA:10,(anonymous_3)
DA:36,5
DA:38,12
DA:48,5
DA:49,3
DA:58,2
DA:59,12
DA:60,12
DA:62,12
DA:72,2
DA:79,10
DA:82,2
LF:11
LH:11
BRDA:35,0,0,0
BRDA:35,1,0,0
BRDA:35,2,0,0
BRDA:48,3,0,3
BRDA:48,3,1,2
BRDA:50,4,0,2
BRDA:50,4,1,1
BRDA:64,5,0,12
BRDA:64,5,1,0
BRDA:73,6,0,2
BRDA:73,6,1,0
BRF:11
BRH:6
end_of_record
TN:
SF:src/data/knowledge/campgrounds/bothe-napa-valley/description.js
FNF:0
FNH:0
LF:0
LH:0
BRF:0
BRH:0
end_of_record
TN:
SF:src/data/knowledge/campgrounds/bothe-napa-valley/reservation.js
FNF:0
FNH:0
LF:0
LH:0
BRF:0
BRH:0
end_of_record
TN:
SF:src/data/knowledge/campgrounds/bothe-napa-valley/rules.js
FNF:0
FNH:0
LF:0
LH:0
BRF:0
BRH:0
end_of_record
TN:
SF:src/data/knowledge/campgrounds/donner-memorial/alert.js
FNF:0
FNH:0
LF:0
LH:0
BRF:0
BRH:0
end_of_record
TN:
SF:src/data/knowledge/campgrounds/donner-memorial/description.js
FNF:0
FNH:0
LF:0
LH:0
BRF:0
BRH:0
end_of_record
TN:
SF:src/data/knowledge/campgrounds/donner-memorial/reservation.js
FNF:0
FNH:0
LF:0
LH:0
BRF:0
BRH:0
end_of_record
TN:
SF:src/data/knowledge/campgrounds/donner-memorial/rules.js
FNF:0
FNH:0
LF:0
LH:0
BRF:0
BRH:0
end_of_record
TN:
SF:src/data/knowledge/campgrounds/emerald-bay-eagle-point/description.js
FNF:0
FNH:0
LF:0
LH:0
BRF:0
BRH:0
end_of_record
TN:
SF:src/data/knowledge/campgrounds/emerald-bay-eagle-point/reservation.js
FNF:0
FNH:0
LF:0
LH:0
BRF:0
BRH:0
end_of_record
TN:
SF:src/data/knowledge/campgrounds/emerald-bay-eagle-point/rules.js
FNF:0
FNH:0
LF:0
LH:0
BRF:0
BRH:0
end_of_record
TN:
SF:src/data/knowledge/campgrounds/humboldt-redwoods-burlington/description.js
FNF:0
FNH:0
LF:0
LH:0
BRF:0
BRH:0
end_of_record
TN:
SF:src/data/knowledge/campgrounds/humboldt-redwoods-burlington/reservation.js
FNF:0
FNH:0
LF:0
LH:0
BRF:0
BRH:0
end_of_record
TN:
SF:src/data/knowledge/campgrounds/humboldt-redwoods-burlington/rules.js
FNF:0
FNH:0
LF:0
LH:0
BRF:0
BRH:0
end_of_record
TN:
SF:src/data/knowledge/campgrounds/lassen-manzanita-lake/description.js
FNF:0
FNH:0
LF:0
LH:0
BRF:0
BRH:0
end_of_record
TN:
SF:src/data/knowledge/campgrounds/lassen-manzanita-lake/reservation.js
FNF:0
FNH:0
LF:0
LH:0
BRF:0
BRH:0
end_of_record
TN:
SF:src/data/knowledge/campgrounds/lassen-manzanita-lake/rules.js
FNF:0
FNH:0
LF:0
LH:0
BRF:0
BRH:0
end_of_record
TN:
SF:src/data/knowledge/campgrounds/mcarthur-burney-falls/alert.js
FNF:0
FNH:0
LF:0
LH:0
BRF:0
BRH:0
end_of_record
TN:
SF:src/data/knowledge/campgrounds/mcarthur-burney-falls/description.js
FNF:0
FNH:0
LF:0
LH:0
BRF:0
BRH:0
end_of_record
TN:
SF:src/data/knowledge/campgrounds/mcarthur-burney-falls/reservation.js
FNF:0
FNH:0
LF:0
LH:0
BRF:0
BRH:0
end_of_record
TN:
SF:src/data/knowledge/campgrounds/mcarthur-burney-falls/rules.js
FNF:0
FNH:0
LF:0
LH:0
BRF:0
BRH:0
end_of_record
TN:
SF:src/data/knowledge/campgrounds/redwood-jedediah-smith/description.js
FNF:0
FNH:0
LF:0
LH:0
BRF:0
BRH:0
end_of_record
TN:
SF:src/data/knowledge/campgrounds/redwood-jedediah-smith/reservation.js
FNF:0
FNH:0
LF:0
LH:0
BRF:0
BRH:0
end_of_record
TN:
SF:src/data/knowledge/campgrounds/redwood-jedediah-smith/rules.js
FNF:0
FNH:0
LF:0
LH:0
BRF:0
BRH:0
end_of_record
TN:
SF:src/data/knowledge/campgrounds/samuel-p-taylor/description.js
FNF:0
FNH:0
LF:0
LH:0
BRF:0
BRH:0
end_of_record
TN:
SF:src/data/knowledge/campgrounds/samuel-p-taylor/reservation.js
FNF:0
FNH:0
LF:0
LH:0
BRF:0
BRH:0
end_of_record
TN:
SF:src/data/knowledge/campgrounds/samuel-p-taylor/rules.js
FNF:0
FNH:0
LF:0
LH:0
BRF:0
BRH:0
end_of_record
TN:
SF:src/data/knowledge/campgrounds/sonoma-coast-bodega-dunes/description.js
FNF:0
FNH:0
LF:0
LH:0
BRF:0
BRH:0
end_of_record
TN:
SF:src/data/knowledge/campgrounds/sonoma-coast-bodega-dunes/reservation.js
FNF:0
FNH:0
LF:0
LH:0
BRF:0
BRH:0
end_of_record
TN:
SF:src/data/knowledge/campgrounds/sonoma-coast-bodega-dunes/rules.js
FNF:0
FNH:0
LF:0
LH:0
BRF:0
BRH:0
end_of_record
TN:
SF:src/data/knowledge/campgrounds/sugar-pine-point/description.js
FNF:0
FNH:0
LF:0
LH:0
BRF:0
BRH:0
end_of_record
TN:
SF:src/data/knowledge/campgrounds/sugar-pine-point/reservation.js
FNF:0
FNH:0
LF:0
LH:0
BRF:0
BRH:0
end_of_record
TN:
SF:src/data/knowledge/campgrounds/sugar-pine-point/rules.js
FNF:0
FNH:0
LF:0
LH:0
BRF:0
BRH:0
end_of_record
TN:
SF:src/data/knowledge/campgrounds/van-damme-sp/description.js
FNF:0
FNH:0
LF:0
LH:0
BRF:0
BRH:0
end_of_record
TN:
SF:src/data/knowledge/campgrounds/van-damme-sp/reservation.js
FNF:0
FNH:0
LF:0
LH:0
BRF:0
BRH:0
end_of_record
TN:
SF:src/data/knowledge/campgrounds/van-damme-sp/rules.js
FNF:0
FNH:0
LF:0
LH:0
BRF:0
BRH:0
end_of_record
TN:
SF:src/data/knowledge/campgrounds/yosemite-upper-pines/alert.js
FNF:0
FNH:0
LF:0
LH:0
BRF:0
BRH:0
end_of_record
TN:
SF:src/data/knowledge/campgrounds/yosemite-upper-pines/description.js
FNF:0
FNH:0
LF:0
LH:0
BRF:0
BRH:0
end_of_record
TN:
SF:src/data/knowledge/campgrounds/yosemite-upper-pines/reservation.js
FNF:0
FNH:0
LF:0
LH:0
BRF:0
BRH:0
end_of_record
TN:
SF:src/data/knowledge/campgrounds/yosemite-upper-pines/rules.js
FNF:0
FNH:0
LF:0
LH:0
BRF:0
BRH:0
end_of_record
TN:
SF:src/pages/CampgroundDetailPage.jsx
FN:7,CampgroundDetailPage
FN:75,(anonymous_1)
FN:84,(anonymous_2)
FN:98,(anonymous_3)
FNF:4
FNH:4
FNDA:2,CampgroundDetailPage
FNDA:4,(anonymous_1)
FNDA:3,(anonymous_2)
FNDA:3,(anonymous_3)
DA:8,2
DA:9,2
DA:11,2
DA:12,1
DA:23,1
DA:76,4
DA:85,3
DA:99,3
LF:8
LH:8
BRDA:11,0,0,1
BRDA:11,0,1,1
BRF:2
BRH:2
end_of_record
TN:
SF:src/pages/CampgroundsPage.jsx
FN:12,CampgroundsPage
FN:18,(anonymous_1)
FN:19,(anonymous_2)
FN:20,(anonymous_3)
FN:23,(anonymous_4)
FNF:5
FNH:5
FNDA:13,CampgroundsPage
FNDA:3,(anonymous_1)
FNDA:3,(anonymous_2)
FNDA:3,(anonymous_3)
FNDA:13,(anonymous_4)
DA:13,13
DA:14,13
DA:15,13
DA:16,13
DA:18,13
DA:19,13
DA:20,13
DA:22,13
DA:23,13
DA:27,13
LF:10
LH:10
BRDA:53,0,0,6
BRDA:53,0,1,7
BRF:2
BRH:2
end_of_record
TN:
SF:src/pages/DashboardPage.jsx
FN:5,DashboardPage
FN:33,(anonymous_1)
FNF:2
FNH:2
FNDA:1,DashboardPage
FNDA:3,(anonymous_1)
DA:7,1
DA:13,1
DA:34,3
LF:3
LH:3
BRF:0
BRH:0
end_of_record
TN:
SF:src/pages/RetrievalPlaygroundPage.jsx
FN:11,RetrievalPlaygroundPage
FN:18,(anonymous_1)
FN:20,(anonymous_2)
FN:25,(anonymous_3)
FN:29,(anonymous_4)
FN:31,(anonymous_5)
FN:43,(anonymous_6)
FN:50,handleRetrieve
FN:92,(anonymous_8)
FNF:9
FNH:9
FNDA:34,RetrievalPlaygroundPage
FNDA:3,(anonymous_1)
FNDA:36,(anonymous_2)
FNDA:87,(anonymous_3)
FNDA:3,(anonymous_4)
FNDA:5,(anonymous_5)
FNDA:5,(anonymous_6)
FNDA:2,handleRetrieve
FNDA:10,(anonymous_8)
DA:12,34
DA:13,34
DA:14,34
DA:15,34
DA:17,34
DA:19,3
DA:21,36
DA:22,36
DA:25,87
DA:29,34
DA:31,34
DA:32,5
DA:34,2
DA:42,34
DA:44,5
DA:51,2
DA:58,34
DA:93,10
LF:18
LH:18
BRDA:22,0,0,36
BRDA:22,0,1,0
BRDA:32,1,0,3
BRDA:32,1,1,2
BRDA:44,2,0,2
BRDA:44,2,1,3
BRDA:80,3,0,34
BRDA:80,3,1,2
BRDA:82,4,0,1
BRDA:82,4,1,1
BRDA:84,5,0,1
BRDA:84,5,1,0
BRDA:84,6,0,1
BRDA:84,6,1,0
BRDA:88,7,0,34
BRDA:88,7,1,1
BRF:16
BRH:13
end_of_record
TN:
SF:src/pages/SettingsPage.jsx
FN:3,SettingsPage
FNF:1
FNH:1
FNDA:1,SettingsPage
DA:4,1
LF:1
LH:1
BRF:0
BRH:0
end_of_record
TN:
SF:src/store/useAppStore.js
FN:4,(anonymous_0)
FN:10,(anonymous_1)
FN:12,(anonymous_2)
FN:18,(anonymous_3)
FN:19,(anonymous_4)
FNF:5
FNH:4
FNDA:4,(anonymous_0)
FNDA:0,(anonymous_1)
FNDA:1,(anonymous_2)
FNDA:2,(anonymous_3)
FNDA:2,(anonymous_4)
DA:4,4
DA:10,0
DA:13,1
DA:14,1
DA:15,1
DA:16,1
DA:18,2
DA:19,2
DA:23,0
LF:9
LH:7
BRF:0
BRH:0
end_of_record
