TN:
SF:src/App.jsx
FN:11,App
FNF:1
FNH:0
FNDA:0,App
DA:9,0
DA:12,0
LF:2
LH:0
BRDA:13,0,0,0
BRDA:13,0,1,0
BRF:2
BRH:0
end_of_record
TN:
SF:src/Index.jsx
FNF:0
FNH:0
DA:6,0
DA:7,0
LF:2
LH:0
BRF:0
BRH:0
end_of_record
TN:
SF:src/api/jobsClient.js
FNF:0
FNH:0
DA:6,2
DA:9,2
LF:2
LH:2
BRDA:6,0,0,2
BRDA:6,0,1,1
BRDA:9,1,0,1
BRDA:9,1,1,1
BRF:4
BRH:4
end_of_record
TN:
SF:src/api/prismaJobsClient.js
FN:4,(anonymous_0)
FN:8,(anonymous_1)
FN:12,(anonymous_2)
FNF:3
FNH:2
FNDA:1,(anonymous_0)
FNDA:1,(anonymous_1)
FNDA:0,(anonymous_2)
DA:3,1
DA:6,1
DA:10,1
LF:3
LH:3
BRF:0
BRH:0
end_of_record
TN:
SF:src/api/supabaseClient.js
FNF:0
FNH:0
DA:5,5
DA:6,5
DA:8,5
LF:3
LH:3
BRF:0
BRH:0
end_of_record
TN:
SF:src/api/supabaseJobsClient.js
FN:4,fetchJobs
FNF:1
FNH:1
FNDA:1,fetchJobs
DA:5,1
DA:6,1
DA:7,1
DA:8,1
LF:4
LH:4
BRDA:7,0,0,0
BRDA:7,0,1,1
BRDA:8,1,0,1
BRDA:8,1,1,0
BRF:4
BRH:2
end_of_record
TN:
SF:src/components/ActivateSearchButton.jsx
FN:4,ActivateSearchButton
FN:5,(anonymous_1)
FN:9,(anonymous_2)
FNF:3
FNH:2
FNDA:1,ActivateSearchButton
FNDA:1,(anonymous_1)
FNDA:0,(anonymous_2)
DA:5,1
DA:7,1
DA:9,0
LF:3
LH:2
BRF:0
BRH:0
end_of_record
TN:
SF:src/components/AppShell.jsx
FN:5,AppShell
FN:22,(anonymous_1)
FN:33,(anonymous_2)
FN:44,(anonymous_3)
FNF:4
FNH:4
FNDA:1,AppShell
FNDA:1,(anonymous_1)
FNDA:1,(anonymous_2)
FNDA:1,(anonymous_3)
DA:6,1
DA:23,1
DA:34,1
DA:45,1
LF:4
LH:4
BRDA:24,0,0,0
BRDA:24,0,1,1
BRDA:35,1,0,0
BRDA:35,1,1,1
BRDA:46,2,0,0
BRDA:46,2,1,1
BRF:6
BRH:3
end_of_record
TN:
SF:src/components/AvailabilityNotice.jsx
FN:4,AvailabilityNotice
FNF:1
FNH:1
FNDA:84,AvailabilityNotice
DA:5,84
DA:6,72
DA:14,12
LF:3
LH:3
BRDA:4,0,0,12
BRDA:5,1,0,72
BRDA:5,1,1,12
BRF:3
BRH:3
end_of_record
TN:
SF:src/components/CampgroundCard.jsx
FN:7,CampgroundCard
FN:25,(anonymous_1)
FNF:2
FNH:2
FNDA:71,CampgroundCard
FNDA:213,(anonymous_1)
DA:8,71
DA:26,213
LF:2
LH:2
BRF:0
BRH:0
end_of_record
TN:
SF:src/components/CampgroundFilters.jsx
FN:19,CampgroundFilters
FN:43,(anonymous_1)
FN:56,(anonymous_2)
FN:61,(anonymous_3)
FN:75,(anonymous_4)
FN:80,(anonymous_5)
FN:94,(anonymous_6)
FN:99,(anonymous_7)
FNF:8
FNH:5
FNDA:10,CampgroundFilters
FNDA:8,(anonymous_1)
FNDA:0,(anonymous_2)
FNDA:170,(anonymous_3)
FNDA:0,(anonymous_4)
FNDA:310,(anonymous_5)
FNDA:0,(anonymous_6)
FNDA:180,(anonymous_7)
DA:33,10
DA:35,10
DA:43,8
DA:56,0
DA:62,170
DA:75,0
DA:81,310
DA:94,0
DA:100,180
LF:9
LH:6
BRF:0
BRH:0
end_of_record
TN:
SF:src/components/CampgroundList.jsx
FN:5,CampgroundList
FN:16,(anonymous_1)
FNF:2
FNH:2
FNDA:10,CampgroundList
FNDA:70,(anonymous_1)
DA:6,10
DA:7,0
DA:14,10
DA:17,70
LF:4
LH:3
BRDA:6,0,0,0
BRDA:6,0,1,10
BRF:2
BRH:1
end_of_record
TN:
SF:src/components/JobsTable.jsx
FN:4,JobsTable
FN:7,(anonymous_1)
FN:8,(anonymous_2)
FN:20,(anonymous_3)
FNF:4
FNH:4
FNDA:2,JobsTable
FNDA:1,(anonymous_1)
FNDA:1,(anonymous_2)
FNDA:2,(anonymous_3)
DA:5,2
DA:7,2
DA:8,1
DA:9,1
DA:10,1
DA:13,1
DA:16,2
DA:21,2
LF:8
LH:8
BRF:0
BRH:0
end_of_record
TN:
SF:src/components/KnowledgeDocumentCard.jsx
FN:10,KnowledgeDocumentCard
FNF:1
FNH:1
FNDA:230,KnowledgeDocumentCard
DA:11,230
DA:13,230
LF:2
LH:2
BRDA:30,0,0,230
BRDA:30,0,1,230
BRF:2
BRH:2
end_of_record
TN:
SF:src/components/KnowledgeFilters.jsx
FN:5,KnowledgeFilters
FN:14,(anonymous_1)
FN:31,(anonymous_2)
FN:43,(anonymous_3)
FN:47,(anonymous_4)
FN:62,(anonymous_5)
FN:66,(anonymous_6)
FNF:7
FNH:5
FNDA:8,KnowledgeFilters
FNDA:160,(anonymous_1)
FNDA:4,(anonymous_2)
FNDA:0,(anonymous_3)
FNDA:96,(anonymous_4)
FNDA:0,(anonymous_5)
FNDA:32,(anonymous_6)
DA:14,8
DA:15,160
DA:18,8
DA:31,4
DA:43,0
DA:48,96
DA:62,0
DA:67,32
LF:8
LH:6
BRF:0
BRH:0
end_of_record
TN:
SF:src/components/QueueListPanel.jsx
FN:5,QueueListPanel
FN:6,(anonymous_1)
FN:11,(anonymous_2)
FNF:3
FNH:3
FNDA:1,QueueListPanel
FNDA:1,(anonymous_1)
FNDA:2,(anonymous_2)
DA:6,1
DA:7,1
DA:12,2
LF:3
LH:3
BRF:0
BRH:0
end_of_record
TN:
SF:src/components/SearchStatusBanner.jsx
FN:5,SearchStatusBanner
FN:6,(anonymous_1)
FN:7,(anonymous_2)
FN:17,(anonymous_3)
FNF:4
FNH:3
FNDA:1,SearchStatusBanner
FNDA:1,(anonymous_1)
FNDA:1,(anonymous_2)
FNDA:0,(anonymous_3)
DA:6,1
DA:7,1
DA:9,1
DA:10,0
DA:12,1
DA:17,0
LF:6
LH:4
BRDA:9,0,0,0
BRDA:9,0,1,1
BRF:2
BRH:1
end_of_record
TN:
SF:src/components/StatusCard.jsx
FN:3,StatusCard
FNF:1
FNH:1
FNDA:1,StatusCard
DA:4,1
LF:1
LH:1
BRDA:11,0,0,1
BRDA:11,0,1,1
BRF:2
BRH:2
end_of_record
TN:
SF:src/components/StatusCards.jsx
FN:5,StatusCards
FN:10,(anonymous_1)
FN:14,(anonymous_2)
FNF:3
FNH:2
FNDA:1,StatusCards
FNDA:1,(anonymous_1)
FNDA:0,(anonymous_2)
DA:6,1
DA:8,1
DA:11,1
DA:14,0
LF:4
LH:3
BRF:0
BRH:0
end_of_record
TN:
SF:src/components/ToastBanner.jsx
FN:4,ToastBanner
FN:5,(anonymous_1)
FN:8,(anonymous_2)
FNF:3
FNH:3
FNDA:1,ToastBanner
FNDA:1,(anonymous_1)
FNDA:1,(anonymous_2)
DA:5,1
DA:6,1
DA:7,1
DA:8,1
DA:12,1
LF:5
LH:5
BRDA:4,0,0,0
BRDA:6,1,0,1
BRDA:6,1,1,0
BRDA:14,2,0,1
BRDA:14,2,1,1
BRF:5
BRH:3
end_of_record
TN:
SF:src/data/campgroundData.js
FN:5,getAllCampgrounds
FN:10,getCampgroundById
FN:11,(anonymous_2)
FN:15,getAllRegions
FN:16,(anonymous_4)
FN:20,getAllAmenities
FN:21,(anonymous_6)
FN:26,getAllTags
FN:27,(anonymous_8)
FN:40,searchCampgrounds
FN:43,(anonymous_10)
FNF:11
FNH:11
FNDA:376,getAllCampgrounds
FNDA:339,getCampgroundById
FNDA:3213,(anonymous_2)
FNDA:4,getAllRegions
FNDA:80,(anonymous_4)
FNDA:4,getAllAmenities
FNDA:80,(anonymous_6)
FNDA:4,getAllTags
FNDA:80,(anonymous_8)
FNDA:15,searchCampgrounds
FNDA:300,(anonymous_10)
DA:6,376
DA:11,3213
DA:16,80
DA:21,80
DA:22,4
DA:27,80
DA:28,4
DA:41,15
DA:43,15
DA:44,300
DA:45,281
DA:46,266
DA:48,244
DA:50,196
DA:60,196
LF:15
LH:15
BRDA:11,0,0,339
BRDA:11,0,1,2
BRDA:40,1,0,0
BRDA:40,2,0,3
BRDA:40,3,0,4
BRDA:40,4,0,4
BRDA:40,5,0,3
BRDA:44,6,0,19
BRDA:44,6,1,281
BRDA:44,7,0,300
BRDA:44,7,1,20
BRDA:45,8,0,15
BRDA:45,8,1,266
BRDA:45,9,0,281
BRDA:45,9,1,20
BRDA:46,10,0,22
BRDA:46,10,1,244
BRDA:46,11,0,266
BRDA:46,11,1,40
BRDA:48,12,0,48
BRDA:48,12,1,196
BRF:21
BRH:20
end_of_record
TN:
SF:src/data/campgroundSchema.js
FN:42,isValidCampground
FNF:1
FNH:1
FNDA:7543,isValidCampground
DA:8,6
DA:43,7543
DA:45,7543
DA:46,7543
DA:47,60340
DA:48,1
DA:52,7542
DA:53,7542
DA:54,22626
DA:57,7542
DA:58,7542
DA:59,7541
DA:61,1
DA:64,7541
LF:14
LH:14
BRDA:43,0,0,0
BRDA:43,0,1,7543
BRDA:43,1,0,7543
BRDA:43,1,1,7543
BRDA:47,2,0,1
BRDA:47,2,1,60339
BRDA:47,3,0,60340
BRDA:47,3,1,60340
BRDA:54,4,0,0
BRDA:54,4,1,22626
BRF:10
BRH:8
end_of_record
TN:
SF:src/data/campgrounds.js
FNF:0
FNH:0
DA:8,7
LF:1
LH:1
BRF:0
BRH:0
end_of_record
TN:
SF:src/data/knowledgeSchema.js
FN:47,isValidKnowledgeDocument
FN:85,getDocumentTypeLabel
FNF:2
FNH:2
FNDA:784,isValidKnowledgeDocument
FNDA:266,getDocumentTypeLabel
DA:8,4
DA:15,4
DA:48,784
DA:50,784
DA:61,784
DA:62,6269
DA:63,1
DA:67,783
DA:68,1
DA:71,782
DA:72,782
DA:74,1
DA:77,781
DA:86,266
DA:93,266
LF:15
LH:15
BRDA:48,0,0,0
BRDA:48,0,1,784
BRDA:48,1,0,784
BRDA:48,1,1,784
BRDA:62,2,0,1
BRDA:62,2,1,6268
BRDA:62,3,0,6269
BRDA:62,3,1,6269
BRDA:67,4,0,1
BRDA:67,4,1,782
BRDA:93,5,0,266
BRDA:93,5,1,0
BRF:12
BRH:10
end_of_record
TN:
SF:src/data/knowledge/documents.js
FN:106,getAllKnowledgeDocuments
FN:107,(anonymous_1)
FN:120,getKnowledgeCampgroundIds
FN:121,(anonymous_3)
FNF:4
FNH:4
FNDA:19,getAllKnowledgeDocuments
FNDA:741,(anonymous_1)
FNDA:4,getKnowledgeCampgroundIds
FNDA:156,(anonymous_3)
DA:60,4
DA:107,19
DA:108,741
DA:109,0
DA:110,0
DA:112,741
DA:121,156
LF:7
LH:5
BRDA:108,0,0,0
BRDA:108,0,1,741
BRDA:109,1,0,0
BRDA:109,1,1,0
BRF:4
BRH:1
end_of_record
TN:
SF:src/data/knowledge/knowledgeIndex.js
FN:14,tokenize
FN:18,(anonymous_1)
FN:25,buildKnowledgeIndex
FN:64,getKnowledgeIndex
FN:74,resetKnowledgeIndex
FN:83,getDocumentById
FN:92,getDocumentsByCampground
FN:101,getDocumentsByType
FN:110,searchDocumentsByKeyword
FN:134,(anonymous_9)
FN:142,searchDocuments
FN:148,(anonymous_11)
FN:152,(anonymous_12)
FN:162,getIndexedDocumentTypes
FN:163,(anonymous_14)
FN:172,getIndexStats
FNF:16
FNH:14
FNDA:399,tokenize
FNDA:28031,(anonymous_1)
FNDA:10,buildKnowledgeIndex
FNDA:23,getKnowledgeIndex
FNDA:8,resetKnowledgeIndex
FNDA:1,getDocumentById
FNDA:1,getDocumentsByCampground
FNDA:1,getDocumentsByType
FNDA:9,searchDocumentsByKeyword
FNDA:222,(anonymous_9)
FNDA:10,searchDocuments
FNDA:34,(anonymous_11)
FNDA:3,(anonymous_12)
FNDA:0,getIndexedDocumentTypes
FNDA:0,(anonymous_14)
FNDA:1,getIndexStats
DA:15,399
DA:18,28031
DA:26,10
DA:27,10
DA:28,10
DA:29,10
DA:31,10
DA:32,390
DA:34,390
DA:35,120
DA:37,390
DA:39,390
DA:40,40
DA:42,390
DA:44,390
DA:45,390
DA:47,390
DA:48,27280
DA:49,4670
DA:51,27280
DA:55,10
DA:58,3
DA:65,23
DA:66,9
DA:68,23
DA:75,8
DA:84,1
DA:93,1
DA:102,1
DA:111,9
DA:112,9
DA:113,0
DA:116,9
DA:117,9
DA:118,1
DA:121,8
DA:122,8
DA:124,8
DA:125,10
DA:126,4670
DA:127,42
DA:128,386
DA:134,222
DA:143,10
DA:147,10
DA:148,34
DA:151,10
DA:152,3
DA:155,10
DA:163,0
DA:164,0
DA:173,1
DA:174,1
LF:53
LH:50
BRDA:34,0,0,120
BRDA:34,0,1,270
BRDA:39,1,0,40
BRDA:39,1,1,350
BRDA:48,2,0,4670
BRDA:48,2,1,22610
BRDA:65,3,0,9
BRDA:65,3,1,14
BRDA:93,4,0,1
BRDA:93,4,1,0
BRDA:102,5,0,1
BRDA:102,5,1,0
BRDA:112,6,0,0
BRDA:112,6,1,9
BRDA:117,7,0,1
BRDA:117,7,1,8
BRDA:126,8,0,42
BRDA:126,8,1,4628
BRDA:126,9,0,4670
BRDA:126,9,1,4640
BRDA:142,10,0,0
BRDA:142,11,0,1
BRDA:142,12,0,1
BRDA:142,13,0,1
BRDA:143,14,0,5
BRDA:143,14,1,5
BRDA:147,15,0,1
BRDA:147,15,1,9
BRDA:151,16,0,1
BRDA:151,16,1,9
BRF:30
BRH:26
end_of_record
TN:
SF:src/data/knowledge/knowledgeRetrieval.js
FN:26,scoreDocument
FN:62,retrieveDocuments
FN:71,(anonymous_2)
FN:75,(anonymous_3)
FN:78,(anonymous_4)
FN:89,(anonymous_5)
FN:99,retrieveByCampground
FN:108,retrieveByKeyword
FNF:8
FNH:8
FNDA:107,scoreDocument
FNDA:6,retrieveDocuments
FNDA:77,(anonymous_2)
FNDA:39,(anonymous_3)
FNDA:105,(anonymous_4)
FNDA:231,(anonymous_5)
FNDA:1,retrieveByCampground
FNDA:1,retrieveByKeyword
DA:27,107
DA:28,107
DA:29,107
DA:31,107
DA:32,9
DA:35,107
DA:36,107
DA:38,107
DA:39,69
DA:40,17
DA:42,69
DA:43,30
DA:45,69
DA:46,12
DA:50,107
DA:51,16
DA:54,107
DA:63,6
DA:64,6
DA:66,6
DA:70,6
DA:71,77
DA:74,6
DA:75,39
DA:78,6
DA:79,105
DA:80,105
DA:89,231
DA:91,6
DA:100,1
DA:109,1
LF:31
LH:31
BRDA:26,0,0,0
BRDA:31,1,0,9
BRDA:31,1,1,98
BRDA:31,2,0,107
BRDA:31,2,1,9
BRDA:39,3,0,17
BRDA:39,3,1,52
BRDA:42,4,0,30
BRDA:42,4,1,39
BRDA:45,5,0,12
BRDA:45,5,1,57
BRDA:50,6,0,16
BRDA:50,6,1,91
BRDA:50,7,0,107
BRDA:50,7,1,61
BRDA:62,8,0,0
BRDA:62,9,0,4
BRDA:62,10,0,5
BRDA:62,11,0,4
BRDA:63,12,0,6
BRDA:63,12,1,0
BRDA:66,13,0,3
BRDA:66,13,1,3
BRDA:70,14,0,2
BRDA:70,14,1,4
BRDA:74,15,0,1
BRDA:74,15,1,5
BRF:27
BRH:24
end_of_record
TN:
SF:src/data/knowledge/campgrounds/bothe-napa-valley/description.js
FNF:0
FNH:0
LF:0
LH:0
BRF:0
BRH:0
end_of_record
TN:
SF:src/data/knowledge/campgrounds/bothe-napa-valley/reservation.js
FNF:0
FNH:0
LF:0
LH:0
BRF:0
BRH:0
end_of_record
TN:
SF:src/data/knowledge/campgrounds/bothe-napa-valley/rules.js
FNF:0
FNH:0
LF:0
LH:0
BRF:0
BRH:0
end_of_record
TN:
SF:src/data/knowledge/campgrounds/donner-memorial/alert.js
FNF:0
FNH:0
LF:0
LH:0
BRF:0
BRH:0
end_of_record
TN:
SF:src/data/knowledge/campgrounds/donner-memorial/description.js
FNF:0
FNH:0
LF:0
LH:0
BRF:0
BRH:0
end_of_record
TN:
SF:src/data/knowledge/campgrounds/donner-memorial/reservation.js
FNF:0
FNH:0
LF:0
LH:0
BRF:0
BRH:0
end_of_record
TN:
SF:src/data/knowledge/campgrounds/donner-memorial/rules.js
FNF:0
FNH:0
LF:0
LH:0
BRF:0
BRH:0
end_of_record
TN:
SF:src/data/knowledge/campgrounds/emerald-bay-eagle-point/description.js
FNF:0
FNH:0
LF:0
LH:0
BRF:0
BRH:0
end_of_record
TN:
SF:src/data/knowledge/campgrounds/emerald-bay-eagle-point/reservation.js
FNF:0
FNH:0
LF:0
LH:0
BRF:0
BRH:0
end_of_record
TN:
SF:src/data/knowledge/campgrounds/emerald-bay-eagle-point/rules.js
FNF:0
FNH:0
LF:0
LH:0
BRF:0
BRH:0
end_of_record
TN:
SF:src/data/knowledge/campgrounds/humboldt-redwoods-burlington/description.js
FNF:0
FNH:0
LF:0
LH:0
BRF:0
BRH:0
end_of_record
TN:
SF:src/data/knowledge/campgrounds/humboldt-redwoods-burlington/reservation.js
FNF:0
FNH:0
LF:0
LH:0
BRF:0
BRH:0
end_of_record
TN:
SF:src/data/knowledge/campgrounds/humboldt-redwoods-burlington/rules.js
FNF:0
FNH:0
LF:0
LH:0
BRF:0
BRH:0
end_of_record
TN:
SF:src/data/knowledge/campgrounds/lassen-manzanita-lake/description.js
FNF:0
FNH:0
LF:0
LH:0
BRF:0
BRH:0
end_of_record
TN:
SF:src/data/knowledge/campgrounds/lassen-manzanita-lake/reservation.js
FNF:0
FNH:0
LF:0
LH:0
BRF:0
BRH:0
end_of_record
TN:
SF:src/data/knowledge/campgrounds/lassen-manzanita-lake/rules.js
FNF:0
FNH:0
LF:0
LH:0
BRF:0
BRH:0
end_of_record
TN:
SF:src/data/knowledge/campgrounds/mcarthur-burney-falls/alert.js
FNF:0
FNH:0
LF:0
LH:0
BRF:0
BRH:0
end_of_record
TN:
SF:src/data/knowledge/campgrounds/mcarthur-burney-falls/description.js
FNF:0
FNH:0
LF:0
LH:0
BRF:0
BRH:0
end_of_record
TN:
SF:src/data/knowledge/campgrounds/mcarthur-burney-falls/reservation.js
FNF:0
FNH:0
LF:0
LH:0
BRF:0
BRH:0
end_of_record
TN:
SF:src/data/knowledge/campgrounds/mcarthur-burney-falls/rules.js
FNF:0
FNH:0
LF:0
LH:0
BRF:0
BRH:0
end_of_record
TN:
SF:src/data/knowledge/campgrounds/redwood-jedediah-smith/description.js
FNF:0
FNH:0
LF:0
LH:0
BRF:0
BRH:0
end_of_record
TN:
SF:src/data/knowledge/campgrounds/redwood-jedediah-smith/reservation.js
FNF:0
FNH:0
LF:0
LH:0
BRF:0
BRH:0
end_of_record
TN:
SF:src/data/knowledge/campgrounds/redwood-jedediah-smith/rules.js
FNF:0
FNH:0
LF:0
LH:0
BRF:0
BRH:0
end_of_record
TN:
SF:src/data/knowledge/campgrounds/samuel-p-taylor/description.js
FNF:0
FNH:0
LF:0
LH:0
BRF:0
BRH:0
end_of_record
TN:
SF:src/data/knowledge/campgrounds/samuel-p-taylor/reservation.js
FNF:0
FNH:0
LF:0
LH:0
BRF:0
BRH:0
end_of_record
TN:
SF:src/data/knowledge/campgrounds/samuel-p-taylor/rules.js
FNF:0
FNH:0
LF:0
LH:0
BRF:0
BRH:0
end_of_record
TN:
SF:src/data/knowledge/campgrounds/sonoma-coast-bodega-dunes/description.js
FNF:0
FNH:0
LF:0
LH:0
BRF:0
BRH:0
end_of_record
TN:
SF:src/data/knowledge/campgrounds/sonoma-coast-bodega-dunes/reservation.js
FNF:0
FNH:0
LF:0
LH:0
BRF:0
BRH:0
end_of_record
TN:
SF:src/data/knowledge/campgrounds/sonoma-coast-bodega-dunes/rules.js
FNF:0
FNH:0
LF:0
LH:0
BRF:0
BRH:0
end_of_record
TN:
SF:src/data/knowledge/campgrounds/sugar-pine-point/description.js
FNF:0
FNH:0
LF:0
LH:0
BRF:0
BRH:0
end_of_record
TN:
SF:src/data/knowledge/campgrounds/sugar-pine-point/reservation.js
FNF:0
FNH:0
LF:0
LH:0
BRF:0
BRH:0
end_of_record
TN:
SF:src/data/knowledge/campgrounds/sugar-pine-point/rules.js
FNF:0
FNH:0
LF:0
LH:0
BRF:0
BRH:0
end_of_record
TN:
SF:src/data/knowledge/campgrounds/van-damme-sp/description.js
FNF:0
FNH:0
LF:0
LH:0
BRF:0
BRH:0
end_of_record
TN:
SF:src/data/knowledge/campgrounds/van-damme-sp/reservation.js
FNF:0
FNH:0
LF:0
LH:0
BRF:0
BRH:0
end_of_record
TN:
SF:src/data/knowledge/campgrounds/van-damme-sp/rules.js
FNF:0
FNH:0
LF:0
LH:0
BRF:0
BRH:0
end_of_record
TN:
SF:src/data/knowledge/campgrounds/yosemite-upper-pines/alert.js
FNF:0
FNH:0
LF:0
LH:0
BRF:0
BRH:0
end_of_record
TN:
SF:src/data/knowledge/campgrounds/yosemite-upper-pines/description.js
FNF:0
FNH:0
LF:0
LH:0
BRF:0
BRH:0
end_of_record
TN:
SF:src/data/knowledge/campgrounds/yosemite-upper-pines/reservation.js
FNF:0
FNH:0
LF:0
LH:0
BRF:0
BRH:0
end_of_record
TN:
SF:src/data/knowledge/campgrounds/yosemite-upper-pines/rules.js
FNF:0
FNH:0
LF:0
LH:0
BRF:0
BRH:0
end_of_record
TN:
SF:src/pages/CampgroundDetailPage.jsx
FN:7,CampgroundDetailPage
FN:75,(anonymous_1)
FN:84,(anonymous_2)
FN:98,(anonymous_3)
FNF:4
FNH:4
FNDA:2,CampgroundDetailPage
FNDA:4,(anonymous_1)
FNDA:3,(anonymous_2)
FNDA:3,(anonymous_3)
DA:8,2
DA:9,2
DA:11,2
DA:12,1
DA:23,1
DA:76,4
DA:85,3
DA:99,3
LF:8
LH:8
BRDA:11,0,0,1
BRDA:11,0,1,1
BRF:2
BRH:2
end_of_record
TN:
SF:src/pages/CampgroundsPage.jsx
FN:12,CampgroundsPage
FN:18,(anonymous_1)
FN:19,(anonymous_2)
FN:20,(anonymous_3)
FN:23,(anonymous_4)
FNF:5
FNH:5
FNDA:10,CampgroundsPage
FNDA:2,(anonymous_1)
FNDA:2,(anonymous_2)
FNDA:2,(anonymous_3)
FNDA:10,(anonymous_4)
DA:13,10
DA:14,10
DA:15,10
DA:16,10
DA:18,10
DA:19,10
DA:20,10
DA:22,10
DA:23,10
DA:27,10
LF:10
LH:10
BRDA:53,0,0,4
BRDA:53,0,1,6
BRF:2
BRH:2
end_of_record
TN:
SF:src/pages/DashboardPage.jsx
FN:5,DashboardPage
FN:33,(anonymous_1)
FNF:2
FNH:2
FNDA:1,DashboardPage
FNDA:3,(anonymous_1)
DA:7,1
DA:13,1
DA:34,3
LF:3
LH:3
BRF:0
BRH:0
end_of_record
TN:
SF:src/pages/KnowledgePage.jsx
FN:7,KnowledgePage
FN:12,(anonymous_1)
FN:15,(anonymous_2)
FN:46,(anonymous_3)
FNF:4
FNH:4
FNDA:8,KnowledgePage
FNDA:4,(anonymous_1)
FNDA:8,(anonymous_2)
FNDA:230,(anonymous_3)
DA:8,8
DA:9,8
DA:10,8
DA:12,8
DA:14,8
DA:15,8
DA:19,8
DA:47,230
LF:8
LH:8
BRDA:39,0,0,8
BRDA:39,0,1,0
BRDA:42,1,0,1
BRDA:42,1,1,7
BRF:4
BRH:3
end_of_record
TN:
SF:src/pages/SettingsPage.jsx
FN:3,SettingsPage
FNF:1
FNH:1
FNDA:1,SettingsPage
DA:4,1
LF:1
LH:1
BRF:0
BRH:0
end_of_record
TN:
SF:src/store/useAppStore.js
FN:4,(anonymous_0)
FN:10,(anonymous_1)
FN:12,(anonymous_2)
FN:18,(anonymous_3)
FN:19,(anonymous_4)
FNF:5
FNH:4
FNDA:4,(anonymous_0)
FNDA:0,(anonymous_1)
FNDA:1,(anonymous_2)
FNDA:2,(anonymous_3)
FNDA:2,(anonymous_4)
DA:4,4
DA:10,0
DA:13,1
DA:14,1
DA:15,1
DA:16,1
DA:18,2
DA:19,2
DA:23,0
LF:9
LH:7
BRF:0
BRH:0
end_of_record
